<?xml version="1.0" encoding="UTF-8"?>
<robot generator="Robot 3.2.2 (Python 3.8.5 on win32)" generated="20201225 11:59:20.355" rpa="false">
<suite id="s1" name="RMPurchase" source="C:\EclipsePortable-All-cpf\EclipsePortable\Data\workspace\WinProcessing RMPurchase\Tests\RMPurchase.robot">
<test id="s1-t1" name="Login Winprocessing UAT">
<kw name="Sikuli Test Setup" library="TestUtils" type="setup">
<kw name="Add Needed Image Path" library="TestUtils">
<kw name="Add Image Path" library="SikuliLibrary">
<doc>Add image path</doc>
<arguments>
<arg>${IMAGE_DIR}</arg>
</arguments>
<msg timestamp="20201225 11:59:26.950" level="INFO">Params: [C:\EclipsePortable-All-cpf\EclipsePortable\Data\workspace\WinProcessing RMPurchase\Tests\..\Images]</msg>
<status status="PASS" starttime="20201225 11:59:26.916" endtime="20201225 11:59:26.950"></status>
</kw>
<status status="PASS" starttime="20201225 11:59:26.915" endtime="20201225 11:59:26.951"></status>
</kw>
<kw name="Set Move Mouse Delay" library="SikuliLibrary">
<doc>Set move mouse delay</doc>
<arguments>
<arg>0.1</arg>
</arguments>
<msg timestamp="20201225 11:59:26.959" level="INFO">Params: [0.1]</msg>
<status status="PASS" starttime="20201225 11:59:26.951" endtime="20201225 11:59:26.959"></status>
</kw>
<status status="PASS" starttime="20201225 11:59:26.915" endtime="20201225 11:59:26.960"></status>
</kw>
<kw name="Open Remote Desktop" library="LoginPage">
<kw name="Click Button with Sikuli -&gt; ${StartBtn} timeout ${3} sec." library="SikuliUtils">
<kw name="Wait Until Screen Contain" library="SikuliLibrary">
<doc>Wait until screen contain
 Wait until image shown in screen</doc>
<arguments>
<arg>${image}</arg>
<arg>${sec}</arg>
</arguments>
<msg timestamp="20201225 11:59:28.507" level="INFO">Params: [StartBtn.png, 3]</msg>
<msg timestamp="20201225 11:59:28.507" level="INFO" html="yes">&lt;img src='sikuli_captured/sikuliximage-1608872368480.png'/&gt;</msg>
<status status="PASS" starttime="20201225 11:59:26.973" endtime="20201225 11:59:28.508"></status>
</kw>
<kw name="Click" library="SikuliLibrary">
<doc>Click</doc>
<arguments>
<arg>${image}</arg>
</arguments>
<msg timestamp="20201225 11:59:29.352" level="INFO">Params: [StartBtn.png]</msg>
<msg timestamp="20201225 11:59:29.352" level="INFO" html="yes">&lt;img src='sikuli_captured/sikuliximage-1608872368864.png'/&gt;
[log] CLICK on L[24,748]@S(0) (136 msec)</msg>
<status status="PASS" starttime="20201225 11:59:28.508" endtime="20201225 11:59:29.352"></status>
</kw>
<status status="PASS" starttime="20201225 11:59:26.972" endtime="20201225 11:59:29.352"></status>
</kw>
<kw name="Input text and Press Enter in ${texField} with -&gt; ${Input}" library="SikuliUtils">
<kw name="Wait Until Screen Contain" library="SikuliLibrary">
<doc>Wait until screen contain
 Wait until image shown in screen</doc>
<arguments>
<arg>${texField}</arg>
<arg>20</arg>
</arguments>
<msg timestamp="20201225 11:59:29.760" level="INFO">Params: [InputText.png, 20]</msg>
<msg timestamp="20201225 11:59:29.760" level="INFO" html="yes">&lt;img src='sikuli_captured/sikuliximage-1608872369705.png'/&gt;</msg>
<status status="PASS" starttime="20201225 11:59:29.354" endtime="20201225 11:59:29.760"></status>
</kw>
<kw name="Click In" library="SikuliLibrary">
<doc>Click in. 
Click target image in area image.</doc>
<arguments>
<arg>${texField}</arg>
<arg>${texField}</arg>
</arguments>
<msg timestamp="20201225 11:59:30.532" level="INFO">Params: [InputText.png, InputText.png]</msg>
<msg timestamp="20201225 11:59:30.532" level="INFO" html="yes">&lt;img src='sikuli_captured/sikuliximage-1608872370246.png'/&gt;
InputText.png is found!</msg>
<msg timestamp="20201225 11:59:30.532" level="INFO" html="yes">&lt;img src='sikuli_captured/sikuliximage-1608872370345.png'/&gt;
[log] CLICK on L[145,749]@S(0) (146 msec)</msg>
<status status="PASS" starttime="20201225 11:59:29.761" endtime="20201225 11:59:30.533"></status>
</kw>
<kw name="Input Text" library="SikuliLibrary">
<doc>Input text
 Image could be empty</doc>
<arguments>
<arg>${texField}</arg>
<arg>${data}</arg>
</arguments>
<msg timestamp="20201225 11:59:31.677" level="INFO">Params: [InputText.png, mstsc]
Input Text:
mstsc</msg>
<msg timestamp="20201225 11:59:31.677" level="INFO" html="yes">&lt;img src='sikuli_captured/sikuliximage-1608872370954.png'/&gt;
[log] CLICK on L[145,749]@S(0) (36 msec)
[log]  TYPE "mstsc"</msg>
<status status="PASS" starttime="20201225 11:59:30.533" endtime="20201225 11:59:31.677"></status>
</kw>
<kw name="Press Special Key" library="SikuliLibrary">
<doc>Press special key
 Presses a special keyboard key.</doc>
<arguments>
<arg>ENTER</arg>
</arguments>
<msg timestamp="20201225 11:59:31.740" level="INFO">Params: [ENTER]
[log]  TYPE "#ENTER."</msg>
<status status="PASS" starttime="20201225 11:59:31.678" endtime="20201225 11:59:31.740"></status>
</kw>
<status status="PASS" starttime="20201225 11:59:29.353" endtime="20201225 11:59:31.742"></status>
</kw>
<status status="PASS" starttime="20201225 11:59:26.971" endtime="20201225 11:59:31.742"></status>
</kw>
<kw name="Input Server IP" library="LoginPage">
<kw name="Double Click in Area with Sikuli and Deleted -&gt; ${TexField1} ${TexField1}" library="SikuliUtils">
<kw name="Wait Until Screen Contain" library="SikuliLibrary">
<doc>Wait until screen contain
 Wait until image shown in screen</doc>
<arguments>
<arg>${area}</arg>
<arg>30</arg>
</arguments>
<msg timestamp="20201225 11:59:35.083" level="INFO">Params: [InputText1.png, 30]</msg>
<msg timestamp="20201225 11:59:35.083" level="INFO" html="yes">&lt;img src='sikuli_captured/sikuliximage-1608872375077.png'/&gt;</msg>
<status status="PASS" starttime="20201225 11:59:31.745" endtime="20201225 11:59:35.083"></status>
</kw>
<kw name="Wait Until Screen Contain" library="SikuliLibrary">
<doc>Wait until screen contain
 Wait until image shown in screen</doc>
<arguments>
<arg>${image}</arg>
<arg>30</arg>
</arguments>
<msg timestamp="20201225 11:59:35.485" level="INFO">Params: [InputText1.png, 30]</msg>
<msg timestamp="20201225 11:59:35.485" level="INFO" html="yes">&lt;img src='sikuli_captured/sikuliximage-1608872375479.png'/&gt;</msg>
<status status="PASS" starttime="20201225 11:59:35.083" endtime="20201225 11:59:35.485"></status>
</kw>
<kw name="Double Click In" library="SikuliLibrary">
<doc>Double click in. 
Double click target image in area image.</doc>
<arguments>
<arg>${area}</arg>
<arg>${image}</arg>
</arguments>
<msg timestamp="20201225 11:59:36.231" level="INFO">Params: [InputText1.png, InputText1.png]</msg>
<msg timestamp="20201225 11:59:36.231" level="INFO" html="yes">&lt;img src='sikuli_captured/sikuliximage-1608872375945.png'/&gt;
InputText1.png is found!</msg>
<msg timestamp="20201225 11:59:36.231" level="INFO" html="yes">&lt;img src='sikuli_captured/sikuliximage-1608872375995.png'/&gt;
[log] DOUBLE CLICK on L[728,246]@S(0) (215 msec)</msg>
<status status="PASS" starttime="20201225 11:59:35.485" endtime="20201225 11:59:36.235"></status>
</kw>
<kw name="Press Special Key" library="SikuliLibrary">
<doc>Press special key
 Presses a special keyboard key.</doc>
<arguments>
<arg>DELETE</arg>
</arguments>
<msg timestamp="20201225 11:59:36.320" level="INFO">Params: [DELETE]
[log]  TYPE "#DEL."</msg>
<status status="PASS" starttime="20201225 11:59:36.235" endtime="20201225 11:59:36.320"></status>
</kw>
<status status="PASS" starttime="20201225 11:59:31.744" endtime="20201225 11:59:36.320"></status>
</kw>
<kw name="Input text and Press Enter in ${texField1} with -&gt; ${Input1}" library="SikuliUtils">
<kw name="Wait Until Screen Contain" library="SikuliLibrary">
<doc>Wait until screen contain
 Wait until image shown in screen</doc>
<arguments>
<arg>${texField}</arg>
<arg>20</arg>
</arguments>
<msg timestamp="20201225 11:59:36.721" level="INFO">Params: [InputText1.png, 20]</msg>
<msg timestamp="20201225 11:59:36.721" level="INFO" html="yes">&lt;img src='sikuli_captured/sikuliximage-1608872376712.png'/&gt;</msg>
<status status="PASS" starttime="20201225 11:59:36.324" endtime="20201225 11:59:36.721"></status>
</kw>
<kw name="Click In" library="SikuliLibrary">
<doc>Click in. 
Click target image in area image.</doc>
<arguments>
<arg>${texField}</arg>
<arg>${texField}</arg>
</arguments>
<msg timestamp="20201225 11:59:37.382" level="INFO">Params: [InputText1.png, InputText1.png]</msg>
<msg timestamp="20201225 11:59:37.382" level="INFO" html="yes">&lt;img src='sikuli_captured/sikuliximage-1608872377129.png'/&gt;
InputText1.png is found!</msg>
<msg timestamp="20201225 11:59:37.382" level="INFO" html="yes">&lt;img src='sikuli_captured/sikuliximage-1608872377213.png'/&gt;
[log] CLICK on L[728,225]@S(0) (150 msec)</msg>
<status status="PASS" starttime="20201225 11:59:36.725" endtime="20201225 11:59:37.382"></status>
</kw>
<kw name="Input Text" library="SikuliLibrary">
<doc>Input text
 Image could be empty</doc>
<arguments>
<arg>${texField}</arg>
<arg>${data}</arg>
</arguments>
<msg timestamp="20201225 11:59:39.109" level="INFO">Params: [InputText1.png, 192.168.166.221]
Input Text:
192.168.166.221</msg>
<msg timestamp="20201225 11:59:39.113" level="INFO" html="yes">&lt;img src='sikuli_captured/sikuliximage-1608872377742.png'/&gt;
[log] CLICK on L[728,225]@S(0) (38 msec)
[log]  TYPE "192.168.166.221"</msg>
<status status="PASS" starttime="20201225 11:59:37.382" endtime="20201225 11:59:39.113"></status>
</kw>
<kw name="Press Special Key" library="SikuliLibrary">
<doc>Press special key
 Presses a special keyboard key.</doc>
<arguments>
<arg>ENTER</arg>
</arguments>
<msg timestamp="20201225 11:59:39.200" level="INFO">Params: [ENTER]
[log]  TYPE "#ENTER."</msg>
<status status="PASS" starttime="20201225 11:59:39.114" endtime="20201225 11:59:39.200"></status>
</kw>
<status status="PASS" starttime="20201225 11:59:36.320" endtime="20201225 11:59:39.200"></status>
</kw>
<kw name="Click in Area with Sikuli -&gt; ${Area1} ${YesBtn}" library="SikuliUtils">
<kw name="Wait Until Screen Contain" library="SikuliLibrary">
<doc>Wait until screen contain
 Wait until image shown in screen</doc>
<arguments>
<arg>${area}</arg>
<arg>20</arg>
</arguments>
<msg timestamp="20201225 11:59:40.650" level="INFO">Params: [Area1.png, 20]</msg>
<msg timestamp="20201225 11:59:40.650" level="INFO" html="yes">&lt;img src='sikuli_captured/sikuliximage-1608872380561.png'/&gt;</msg>
<status status="PASS" starttime="20201225 11:59:39.205" endtime="20201225 11:59:40.650"></status>
</kw>
<kw name="Wait Until Screen Contain" library="SikuliLibrary">
<doc>Wait until screen contain
 Wait until image shown in screen</doc>
<arguments>
<arg>${image}</arg>
<arg>30</arg>
</arguments>
<msg timestamp="20201225 11:59:41.016" level="INFO">Params: [YesBtn.png, 30]</msg>
<msg timestamp="20201225 11:59:41.016" level="INFO" html="yes">&lt;img src='sikuli_captured/sikuliximage-1608872381011.png'/&gt;</msg>
<status status="PASS" starttime="20201225 11:59:40.650" endtime="20201225 11:59:41.016"></status>
</kw>
<kw name="Click In" library="SikuliLibrary">
<doc>Click in. 
Click target image in area image.</doc>
<arguments>
<arg>${area}</arg>
<arg>${image}</arg>
</arguments>
<msg timestamp="20201225 11:59:41.729" level="INFO">Params: [Area1.png, YesBtn.png]</msg>
<msg timestamp="20201225 11:59:41.729" level="INFO" html="yes">&lt;img src='sikuli_captured/sikuliximage-1608872381328.png'/&gt;
Area1.png is found!</msg>
<msg timestamp="20201225 11:59:41.729" level="INFO" html="yes">&lt;img src='sikuli_captured/sikuliximage-1608872381511.png'/&gt;
[log] CLICK on L[744,341]@S(0) (150 msec)</msg>
<status status="PASS" starttime="20201225 11:59:41.016" endtime="20201225 11:59:41.729"></status>
</kw>
<status status="PASS" starttime="20201225 11:59:39.204" endtime="20201225 11:59:41.730"></status>
</kw>
<kw name="Sleep" library="BuiltIn">
<doc>Pauses the test executed for the given time.</doc>
<arguments>
<arg>5s</arg>
</arguments>
<msg timestamp="20201225 11:59:46.756" level="INFO">Slept 5 seconds</msg>
<status status="PASS" starttime="20201225 11:59:41.730" endtime="20201225 11:59:46.756"></status>
</kw>
<kw name="Click Button with Sikuli -&gt; ${OkBtn} timeout ${5} sec." library="SikuliUtils">
<kw name="Wait Until Screen Contain" library="SikuliLibrary">
<doc>Wait until screen contain
 Wait until image shown in screen</doc>
<arguments>
<arg>${image}</arg>
<arg>${sec}</arg>
</arguments>
<msg timestamp="20201225 11:59:47.170" level="INFO">Params: [OkBtn.png, 5]</msg>
<msg timestamp="20201225 11:59:47.170" level="INFO" html="yes">&lt;img src='sikuli_captured/sikuliximage-1608872387127.png'/&gt;</msg>
<status status="PASS" starttime="20201225 11:59:46.757" endtime="20201225 11:59:47.170"></status>
</kw>
<kw name="Click" library="SikuliLibrary">
<doc>Click</doc>
<arguments>
<arg>${image}</arg>
</arguments>
<msg timestamp="20201225 11:59:48.029" level="INFO">Params: [OkBtn.png]</msg>
<msg timestamp="20201225 11:59:48.029" level="INFO" html="yes">&lt;img src='sikuli_captured/sikuliximage-1608872387507.png'/&gt;
[log] CLICK on L[679,578]@S(0) (146 msec)</msg>
<status status="PASS" starttime="20201225 11:59:47.170" endtime="20201225 11:59:48.029"></status>
</kw>
<status status="PASS" starttime="20201225 11:59:46.757" endtime="20201225 11:59:48.029"></status>
</kw>
<status status="PASS" starttime="20201225 11:59:31.744" endtime="20201225 11:59:48.032"></status>
</kw>
<kw name="Input user password in Remote Desktop" library="LoginPage">
<kw name="Input text in ${UsernameInput} with -&gt; ${Username}" library="SikuliUtils">
<kw name="Wait Until Screen Contain" library="SikuliLibrary">
<doc>Wait until screen contain
 Wait until image shown in screen</doc>
<arguments>
<arg>${texField}</arg>
<arg>20</arg>
</arguments>
<msg timestamp="20201225 11:59:48.747" level="INFO">Params: [UsernameInput.png, 20]</msg>
<msg timestamp="20201225 11:59:48.747" level="INFO" html="yes">&lt;img src='sikuli_captured/sikuliximage-1608872388740.png'/&gt;</msg>
<status status="PASS" starttime="20201225 11:59:48.033" endtime="20201225 11:59:48.747"></status>
</kw>
<kw name="Input Text" library="SikuliLibrary">
<doc>Input text
 Image could be empty</doc>
<arguments>
<arg>${texField}</arg>
<arg>${data}</arg>
</arguments>
<msg timestamp="20201225 11:59:50.196" level="INFO">Params: [UsernameInput.png, rujirot.phu]
Input Text:
rujirot.phu</msg>
<msg timestamp="20201225 11:59:50.196" level="INFO" html="yes">&lt;img src='sikuli_captured/sikuliximage-1608872389040.png'/&gt;
[log] CLICK on L[608,432]@S(0) (126 msec)
[log]  TYPE "rujirot.phu"</msg>
<status status="PASS" starttime="20201225 11:59:48.747" endtime="20201225 11:59:50.196"></status>
</kw>
<status status="PASS" starttime="20201225 11:59:48.033" endtime="20201225 11:59:50.196"></status>
</kw>
<kw name="Input text in ${PasswordInput} with -&gt; ${Password}" library="SikuliUtils">
<kw name="Wait Until Screen Contain" library="SikuliLibrary">
<doc>Wait until screen contain
 Wait until image shown in screen</doc>
<arguments>
<arg>${texField}</arg>
<arg>20</arg>
</arguments>
<msg timestamp="20201225 11:59:50.578" level="INFO">Params: [PasswordInput.png, 20]</msg>
<msg timestamp="20201225 11:59:50.578" level="INFO" html="yes">&lt;img src='sikuli_captured/sikuliximage-1608872390568.png'/&gt;</msg>
<status status="PASS" starttime="20201225 11:59:50.204" endtime="20201225 11:59:50.578"></status>
</kw>
<kw name="Input Text" library="SikuliLibrary">
<doc>Input text
 Image could be empty</doc>
<arguments>
<arg>${texField}</arg>
<arg>${data}</arg>
</arguments>
<msg timestamp="20201225 11:59:52.393" level="INFO">Params: [PasswordInput.png, 1100800965041@P]
Input Text:
1100800965041@P</msg>
<msg timestamp="20201225 11:59:52.393" level="INFO" html="yes">&lt;img src='sikuli_captured/sikuliximage-1608872390876.png'/&gt;
[log] CLICK on L[601,463]@S(0) (139 msec)
[log]  TYPE "1100800965041@P"</msg>
<status status="PASS" starttime="20201225 11:59:50.578" endtime="20201225 11:59:52.393"></status>
</kw>
<status status="PASS" starttime="20201225 11:59:50.196" endtime="20201225 11:59:52.393"></status>
</kw>
<kw name="Click Button with Sikuli -&gt; ${GoBtn} timeout ${3} sec." library="SikuliUtils">
<kw name="Wait Until Screen Contain" library="SikuliLibrary">
<doc>Wait until screen contain
 Wait until image shown in screen</doc>
<arguments>
<arg>${image}</arg>
<arg>${sec}</arg>
</arguments>
<msg timestamp="20201225 11:59:52.815" level="INFO">Params: [GoBtn.png, 3]</msg>
<msg timestamp="20201225 11:59:52.815" level="INFO" html="yes">&lt;img src='sikuli_captured/sikuliximage-1608872392809.png'/&gt;</msg>
<status status="PASS" starttime="20201225 11:59:52.400" endtime="20201225 11:59:52.815"></status>
</kw>
<kw name="Click" library="SikuliLibrary">
<doc>Click</doc>
<arguments>
<arg>${image}</arg>
</arguments>
<msg timestamp="20201225 11:59:53.744" level="INFO">Params: [GoBtn.png]</msg>
<msg timestamp="20201225 11:59:53.744" level="INFO" html="yes">&lt;img src='sikuli_captured/sikuliximage-1608872393192.png'/&gt;
[log] CLICK on L[813,463]@S(0) (145 msec)</msg>
<status status="PASS" starttime="20201225 11:59:52.815" endtime="20201225 11:59:53.744"></status>
</kw>
<status status="PASS" starttime="20201225 11:59:52.393" endtime="20201225 11:59:53.746"></status>
</kw>
<status status="PASS" starttime="20201225 11:59:48.033" endtime="20201225 11:59:53.746"></status>
</kw>
<kw name="Choose OrgCode" library="CreateMaterialNeedReport">
<kw name="Double Click in Area with Sikuli -&gt; ${OrgCode} ${OrgCode}" library="SikuliUtils">
<kw name="Wait Until Screen Contain" library="SikuliLibrary">
<doc>Wait until screen contain
 Wait until image shown in screen</doc>
<arguments>
<arg>${area}</arg>
<arg>30</arg>
</arguments>
<msg timestamp="20201225 12:00:04.319" level="INFO">Params: [OrgCode.png, 30]</msg>
<msg timestamp="20201225 12:00:04.319" level="INFO" html="yes">&lt;img src='sikuli_captured/sikuliximage-1608872404308.png'/&gt;</msg>
<status status="PASS" starttime="20201225 11:59:53.752" endtime="20201225 12:00:04.325"></status>
</kw>
<kw name="Wait Until Screen Contain" library="SikuliLibrary">
<doc>Wait until screen contain
 Wait until image shown in screen</doc>
<arguments>
<arg>${image}</arg>
<arg>30</arg>
</arguments>
<msg timestamp="20201225 12:00:04.695" level="INFO">Params: [OrgCode.png, 30]</msg>
<msg timestamp="20201225 12:00:04.695" level="INFO" html="yes">&lt;img src='sikuli_captured/sikuliximage-1608872404691.png'/&gt;</msg>
<status status="PASS" starttime="20201225 12:00:04.325" endtime="20201225 12:00:04.695"></status>
</kw>
<kw name="Double Click In" library="SikuliLibrary">
<doc>Double click in. 
Double click target image in area image.</doc>
<arguments>
<arg>${area}</arg>
<arg>${image}</arg>
</arguments>
<msg timestamp="20201225 12:00:05.160" level="INFO">Params: [OrgCode.png, OrgCode.png]</msg>
<msg timestamp="20201225 12:00:05.160" level="INFO" html="yes">&lt;img src='sikuli_captured/sikuliximage-1608872404889.png'/&gt;
OrgCode.png is found!</msg>
<msg timestamp="20201225 12:00:05.160" level="INFO" html="yes">&lt;img src='sikuli_captured/sikuliximage-1608872404962.png'/&gt;
[log] DOUBLE CLICK on L[507,302]@S(0) (179 msec)</msg>
<status status="PASS" starttime="20201225 12:00:04.696" endtime="20201225 12:00:05.160"></status>
</kw>
<status status="PASS" starttime="20201225 11:59:53.748" endtime="20201225 12:00:05.172"></status>
</kw>
<status status="PASS" starttime="20201225 11:59:53.748" endtime="20201225 12:00:05.173"></status>
</kw>
<kw name="Choose Report From Sidebar" library="CreateMaterialNeedReport">
<kw name="Click in Area with Sikuli -&gt; ${PruchaseMenuBtn} ${PlusBtn}" library="SikuliUtils">
<kw name="Wait Until Screen Contain" library="SikuliLibrary">
<doc>Wait until screen contain
 Wait until image shown in screen</doc>
<arguments>
<arg>${area}</arg>
<arg>20</arg>
</arguments>
<msg timestamp="20201225 12:00:08.228" level="INFO">Params: [PruchaseMenuBtn.png, 20]</msg>
<msg timestamp="20201225 12:00:08.228" level="INFO" html="yes">&lt;img src='sikuli_captured/sikuliximage-1608872408224.png'/&gt;</msg>
<status status="PASS" starttime="20201225 12:00:05.175" endtime="20201225 12:00:08.228"></status>
</kw>
<kw name="Wait Until Screen Contain" library="SikuliLibrary">
<doc>Wait until screen contain
 Wait until image shown in screen</doc>
<arguments>
<arg>${image}</arg>
<arg>30</arg>
</arguments>
<msg timestamp="20201225 12:00:08.610" level="INFO">Params: [PlusBtn.png, 30]</msg>
<msg timestamp="20201225 12:00:08.610" level="INFO" html="yes">&lt;img src='sikuli_captured/sikuliximage-1608872408601.png'/&gt;</msg>
<status status="PASS" starttime="20201225 12:00:08.233" endtime="20201225 12:00:08.611"></status>
</kw>
<kw name="Click In" library="SikuliLibrary">
<doc>Click in. 
Click target image in area image.</doc>
<arguments>
<arg>${area}</arg>
<arg>${image}</arg>
</arguments>
<msg timestamp="20201225 12:00:09.422" level="INFO">Params: [PruchaseMenuBtn.png, PlusBtn.png]</msg>
<msg timestamp="20201225 12:00:09.422" level="INFO" html="yes">&lt;img src='sikuli_captured/sikuliximage-1608872409210.png'/&gt;
PruchaseMenuBtn.png is found!</msg>
<msg timestamp="20201225 12:00:09.422" level="INFO" html="yes">&lt;img src='sikuli_captured/sikuliximage-1608872409254.png'/&gt;
[log] CLICK on L[39,189]@S(0) (141 msec)</msg>
<status status="PASS" starttime="20201225 12:00:08.612" endtime="20201225 12:00:09.423"></status>
</kw>
<status status="PASS" starttime="20201225 12:00:05.175" endtime="20201225 12:00:09.423"></status>
</kw>
<kw name="Click in Area with Sikuli -&gt; ${PurchasePlanBtn} ${PlusBtn}" library="SikuliUtils">
<kw name="Wait Until Screen Contain" library="SikuliLibrary">
<doc>Wait until screen contain
 Wait until image shown in screen</doc>
<arguments>
<arg>${area}</arg>
<arg>20</arg>
</arguments>
<msg timestamp="20201225 12:00:09.779" level="INFO">Params: [PurchasePlanBtn.png, 20]</msg>
<msg timestamp="20201225 12:00:09.779" level="INFO" html="yes">&lt;img src='sikuli_captured/sikuliximage-1608872409773.png'/&gt;</msg>
<status status="PASS" starttime="20201225 12:00:09.425" endtime="20201225 12:00:09.779"></status>
</kw>
<kw name="Wait Until Screen Contain" library="SikuliLibrary">
<doc>Wait until screen contain
 Wait until image shown in screen</doc>
<arguments>
<arg>${image}</arg>
<arg>30</arg>
</arguments>
<msg timestamp="20201225 12:00:10.083" level="INFO">Params: [PlusBtn.png, 30]</msg>
<msg timestamp="20201225 12:00:10.083" level="INFO" html="yes">&lt;img src='sikuli_captured/sikuliximage-1608872410078.png'/&gt;</msg>
<status status="PASS" starttime="20201225 12:00:09.779" endtime="20201225 12:00:10.084"></status>
</kw>
<kw name="Click In" library="SikuliLibrary">
<doc>Click in. 
Click target image in area image.</doc>
<arguments>
<arg>${area}</arg>
<arg>${image}</arg>
</arguments>
<msg timestamp="20201225 12:00:10.590" level="INFO">Params: [PurchasePlanBtn.png, PlusBtn.png]</msg>
<msg timestamp="20201225 12:00:10.590" level="INFO" html="yes">&lt;img src='sikuli_captured/sikuliximage-1608872410358.png'/&gt;
PurchasePlanBtn.png is found!</msg>
<msg timestamp="20201225 12:00:10.590" level="INFO" html="yes">&lt;img src='sikuli_captured/sikuliximage-1608872410422.png'/&gt;
[log] CLICK on L[58,221]@S(0) (145 msec)</msg>
<status status="PASS" starttime="20201225 12:00:10.084" endtime="20201225 12:00:10.591"></status>
</kw>
<status status="PASS" starttime="20201225 12:00:09.424" endtime="20201225 12:00:10.591"></status>
</kw>
<kw name="Double Click in Area with Sikuli -&gt; ${MaterialNeed} ${MaterialNeed}" library="SikuliUtils">
<kw name="Wait Until Screen Contain" library="SikuliLibrary">
<doc>Wait until screen contain
 Wait until image shown in screen</doc>
<arguments>
<arg>${area}</arg>
<arg>30</arg>
</arguments>
<msg timestamp="20201225 12:00:10.878" level="INFO">Params: [MaterialNeed.png, 30]</msg>
<msg timestamp="20201225 12:00:10.878" level="INFO" html="yes">&lt;img src='sikuli_captured/sikuliximage-1608872410874.png'/&gt;</msg>
<status status="PASS" starttime="20201225 12:00:10.592" endtime="20201225 12:00:10.878"></status>
</kw>
<kw name="Wait Until Screen Contain" library="SikuliLibrary">
<doc>Wait until screen contain
 Wait until image shown in screen</doc>
<arguments>
<arg>${image}</arg>
<arg>30</arg>
</arguments>
<msg timestamp="20201225 12:00:11.228" level="INFO">Params: [MaterialNeed.png, 30]</msg>
<msg timestamp="20201225 12:00:11.228" level="INFO" html="yes">&lt;img src='sikuli_captured/sikuliximage-1608872411224.png'/&gt;</msg>
<status status="PASS" starttime="20201225 12:00:10.878" endtime="20201225 12:00:11.228"></status>
</kw>
<kw name="Double Click In" library="SikuliLibrary">
<doc>Double click in. 
Double click target image in area image.</doc>
<arguments>
<arg>${area}</arg>
<arg>${image}</arg>
</arguments>
<msg timestamp="20201225 12:00:11.778" level="INFO">Params: [MaterialNeed.png, MaterialNeed.png]</msg>
<msg timestamp="20201225 12:00:11.778" level="INFO" html="yes">&lt;img src='sikuli_captured/sikuliximage-1608872411548.png'/&gt;
MaterialNeed.png is found!</msg>
<msg timestamp="20201225 12:00:11.778" level="INFO" html="yes">&lt;img src='sikuli_captured/sikuliximage-1608872411592.png'/&gt;
[log] DOUBLE CLICK on L[166,236]@S(0) (164 msec)</msg>
<status status="PASS" starttime="20201225 12:00:11.236" endtime="20201225 12:00:11.779"></status>
</kw>
<status status="PASS" starttime="20201225 12:00:10.591" endtime="20201225 12:00:11.779"></status>
</kw>
<status status="PASS" starttime="20201225 12:00:05.175" endtime="20201225 12:00:11.780"></status>
</kw>
<kw name="Start Create Material Need Report" library="CreateMaterialNeedReport">
<kw name="Click Button with Sikuli -&gt; ${AddBtn} timeout ${5} sec." library="SikuliUtils">
<kw name="Wait Until Screen Contain" library="SikuliLibrary">
<doc>Wait until screen contain
 Wait until image shown in screen</doc>
<arguments>
<arg>${image}</arg>
<arg>${sec}</arg>
</arguments>
<msg timestamp="20201225 12:00:14.052" level="INFO">Params: [AddBtn.png, 5]</msg>
<msg timestamp="20201225 12:00:14.053" level="INFO" html="yes">&lt;img src='sikuli_captured/sikuliximage-1608872414040.png'/&gt;</msg>
<status status="PASS" starttime="20201225 12:00:11.786" endtime="20201225 12:00:14.053"></status>
</kw>
<kw name="Click" library="SikuliLibrary">
<doc>Click</doc>
<arguments>
<arg>${image}</arg>
</arguments>
<msg timestamp="20201225 12:00:14.892" level="INFO">Params: [AddBtn.png]</msg>
<msg timestamp="20201225 12:00:14.892" level="INFO" html="yes">&lt;img src='sikuli_captured/sikuliximage-1608872414445.png'/&gt;
[log] CLICK on L[921,271]@S(0) (151 msec)</msg>
<status status="PASS" starttime="20201225 12:00:14.054" endtime="20201225 12:00:14.892"></status>
</kw>
<status status="PASS" starttime="20201225 12:00:11.784" endtime="20201225 12:00:14.896"></status>
</kw>
<kw name="Press Special Key" library="SikuliLibrary">
<doc>Press special key
 Presses a special keyboard key.</doc>
<arguments>
<arg>ENTER</arg>
</arguments>
<msg timestamp="20201225 12:00:14.966" level="INFO">Params: [ENTER]
[log]  TYPE "#ENTER."</msg>
<status status="PASS" starttime="20201225 12:00:14.897" endtime="20201225 12:00:14.966"></status>
</kw>
<kw name="Sleep" library="BuiltIn">
<doc>Pauses the test executed for the given time.</doc>
<arguments>
<arg>2s</arg>
</arguments>
<msg timestamp="20201225 12:00:16.983" level="INFO">Slept 2 seconds</msg>
<status status="PASS" starttime="20201225 12:00:14.966" endtime="20201225 12:00:16.983"></status>
</kw>
<kw name="Input Text" library="SikuliLibrary">
<doc>Input text
 Image could be empty</doc>
<arguments>
<arg>${EMPTY}</arg>
<arg>${FactoryInput}</arg>
</arguments>
<msg timestamp="20201225 12:00:17.518" level="INFO">Params: [, KLANG]
Input Text:
KLANG
[log]  TYPE "KLANG"</msg>
<status status="PASS" starttime="20201225 12:00:16.984" endtime="20201225 12:00:17.518"></status>
</kw>
<kw name="Input text and Press Enter in ${MaterialType} with -&gt; ${MaterialInput}" library="SikuliUtils">
<kw name="Wait Until Screen Contain" library="SikuliLibrary">
<doc>Wait until screen contain
 Wait until image shown in screen</doc>
<arguments>
<arg>${texField}</arg>
<arg>20</arg>
</arguments>
<msg timestamp="20201225 12:00:17.936" level="INFO">Params: [MaterialType.png, 20]</msg>
<msg timestamp="20201225 12:00:17.936" level="INFO" html="yes">&lt;img src='sikuli_captured/sikuliximage-1608872417890.png'/&gt;</msg>
<status status="PASS" starttime="20201225 12:00:17.523" endtime="20201225 12:00:17.936"></status>
</kw>
<kw name="Click In" library="SikuliLibrary">
<doc>Click in. 
Click target image in area image.</doc>
<arguments>
<arg>${texField}</arg>
<arg>${texField}</arg>
</arguments>
<msg timestamp="20201225 12:00:18.525" level="INFO">Params: [MaterialType.png, MaterialType.png]</msg>
<msg timestamp="20201225 12:00:18.525" level="INFO" html="yes">&lt;img src='sikuli_captured/sikuliximage-1608872418274.png'/&gt;
MaterialType.png is found!</msg>
<msg timestamp="20201225 12:00:18.525" level="INFO" html="yes">&lt;img src='sikuli_captured/sikuliximage-1608872418373.png'/&gt;
[log] CLICK on L[477,283]@S(0) (130 msec)</msg>
<status status="PASS" starttime="20201225 12:00:17.942" endtime="20201225 12:00:18.525"></status>
</kw>
<kw name="Input Text" library="SikuliLibrary">
<doc>Input text
 Image could be empty</doc>
<arguments>
<arg>${texField}</arg>
<arg>${data}</arg>
</arguments>
<msg timestamp="20201225 12:00:19.616" level="INFO">Params: [MaterialType.png, A1]
Input Text:
A1</msg>
<msg timestamp="20201225 12:00:19.616" level="INFO" html="yes">&lt;img src='sikuli_captured/sikuliximage-1608872418856.png'/&gt;
[log] CLICK on L[477,283]@S(0) (28 msec)
[log]  TYPE "A1"</msg>
<status status="PASS" starttime="20201225 12:00:18.526" endtime="20201225 12:00:19.616"></status>
</kw>
<kw name="Press Special Key" library="SikuliLibrary">
<doc>Press special key
 Presses a special keyboard key.</doc>
<arguments>
<arg>ENTER</arg>
</arguments>
<msg timestamp="20201225 12:00:19.708" level="INFO">Params: [ENTER]
[log]  TYPE "#ENTER."</msg>
<status status="PASS" starttime="20201225 12:00:19.616" endtime="20201225 12:00:19.708"></status>
</kw>
<status status="PASS" starttime="20201225 12:00:17.521" endtime="20201225 12:00:19.708"></status>
</kw>
<kw name="Input text and Press Enter in ${SizeBegin} with -&gt; ${SizeBeginInput}" library="SikuliUtils">
<kw name="Wait Until Screen Contain" library="SikuliLibrary">
<doc>Wait until screen contain
 Wait until image shown in screen</doc>
<arguments>
<arg>${texField}</arg>
<arg>20</arg>
</arguments>
<msg timestamp="20201225 12:00:20.255" level="INFO">Params: [SizeBegin.png, 20]</msg>
<msg timestamp="20201225 12:00:20.255" level="INFO" html="yes">&lt;img src='sikuli_captured/sikuliximage-1608872420242.png'/&gt;</msg>
<status status="PASS" starttime="20201225 12:00:19.714" endtime="20201225 12:00:20.255"></status>
</kw>
<kw name="Click In" library="SikuliLibrary">
<doc>Click in. 
Click target image in area image.</doc>
<arguments>
<arg>${texField}</arg>
<arg>${texField}</arg>
</arguments>
<msg timestamp="20201225 12:00:20.804" level="INFO">Params: [SizeBegin.png, SizeBegin.png]</msg>
<msg timestamp="20201225 12:00:20.804" level="INFO" html="yes">&lt;img src='sikuli_captured/sikuliximage-1608872420591.png'/&gt;
SizeBegin.png is found!</msg>
<msg timestamp="20201225 12:00:20.804" level="INFO" html="yes">&lt;img src='sikuli_captured/sikuliximage-1608872420636.png'/&gt;
[log] CLICK on L[419,316]@S(0) (140 msec)</msg>
<status status="PASS" starttime="20201225 12:00:20.255" endtime="20201225 12:00:20.806"></status>
</kw>
<kw name="Input Text" library="SikuliLibrary">
<doc>Input text
 Image could be empty</doc>
<arguments>
<arg>${texField}</arg>
<arg>${data}</arg>
</arguments>
<msg timestamp="20201225 12:00:21.712" level="INFO">Params: [SizeBegin.png, 20]
Input Text:
20</msg>
<msg timestamp="20201225 12:00:21.712" level="INFO" html="yes">&lt;img src='sikuli_captured/sikuliximage-1608872421166.png'/&gt;
[log] CLICK on L[419,316]@S(0) (43 msec)
[log]  TYPE "20"</msg>
<status status="PASS" starttime="20201225 12:00:20.806" endtime="20201225 12:00:21.712"></status>
</kw>
<kw name="Press Special Key" library="SikuliLibrary">
<doc>Press special key
 Presses a special keyboard key.</doc>
<arguments>
<arg>ENTER</arg>
</arguments>
<msg timestamp="20201225 12:00:21.790" level="INFO">Params: [ENTER]
[log]  TYPE "#ENTER."</msg>
<status status="PASS" starttime="20201225 12:00:21.717" endtime="20201225 12:00:21.790"></status>
</kw>
<status status="PASS" starttime="20201225 12:00:19.713" endtime="20201225 12:00:21.792"></status>
</kw>
<kw name="Input text and Press Enter in ${SizeEnd} with -&gt; ${SizeEndInput}" library="SikuliUtils">
<kw name="Wait Until Screen Contain" library="SikuliLibrary">
<doc>Wait until screen contain
 Wait until image shown in screen</doc>
<arguments>
<arg>${texField}</arg>
<arg>20</arg>
</arguments>
<msg timestamp="20201225 12:00:22.196" level="INFO">Params: [SizeEnd.png, 20]</msg>
<msg timestamp="20201225 12:00:22.196" level="INFO" html="yes">&lt;img src='sikuli_captured/sikuliximage-1608872422189.png'/&gt;</msg>
<status status="PASS" starttime="20201225 12:00:21.793" endtime="20201225 12:00:22.196"></status>
</kw>
<kw name="Click In" library="SikuliLibrary">
<doc>Click in. 
Click target image in area image.</doc>
<arguments>
<arg>${texField}</arg>
<arg>${texField}</arg>
</arguments>
<msg timestamp="20201225 12:00:22.724" level="INFO">Params: [SizeEnd.png, SizeEnd.png]</msg>
<msg timestamp="20201225 12:00:22.724" level="INFO" html="yes">&lt;img src='sikuli_captured/sikuliximage-1608872422523.png'/&gt;
SizeEnd.png is found!</msg>
<msg timestamp="20201225 12:00:22.724" level="INFO" html="yes">&lt;img src='sikuli_captured/sikuliximage-1608872422572.png'/&gt;
[log] CLICK on L[554,315]@S(0) (130 msec)</msg>
<status status="PASS" starttime="20201225 12:00:22.196" endtime="20201225 12:00:22.724"></status>
</kw>
<kw name="Input Text" library="SikuliLibrary">
<doc>Input text
 Image could be empty</doc>
<arguments>
<arg>${texField}</arg>
<arg>${data}</arg>
</arguments>
<msg timestamp="20201225 12:00:23.569" level="INFO">Params: [SizeEnd.png, 30]
Input Text:
30</msg>
<msg timestamp="20201225 12:00:23.569" level="INFO" html="yes">&lt;img src='sikuli_captured/sikuliximage-1608872423074.png'/&gt;
[log] CLICK on L[554,315]@S(0) (36 msec)
[log]  TYPE "30"</msg>
<status status="PASS" starttime="20201225 12:00:22.724" endtime="20201225 12:00:23.569"></status>
</kw>
<kw name="Press Special Key" library="SikuliLibrary">
<doc>Press special key
 Presses a special keyboard key.</doc>
<arguments>
<arg>ENTER</arg>
</arguments>
<msg timestamp="20201225 12:00:23.641" level="INFO">Params: [ENTER]
[log]  TYPE "#ENTER."</msg>
<status status="PASS" starttime="20201225 12:00:23.569" endtime="20201225 12:00:23.641"></status>
</kw>
<status status="PASS" starttime="20201225 12:00:21.793" endtime="20201225 12:00:23.643"></status>
</kw>
<kw name="Input text and Press Enter in ${ShrimpType} with -&gt; ${ShrimpTypeInput}" library="SikuliUtils">
<kw name="Wait Until Screen Contain" library="SikuliLibrary">
<doc>Wait until screen contain
 Wait until image shown in screen</doc>
<arguments>
<arg>${texField}</arg>
<arg>20</arg>
</arguments>
<msg timestamp="20201225 12:00:24.052" level="INFO">Params: [ShrimpType.png, 20]</msg>
<msg timestamp="20201225 12:00:24.052" level="INFO" html="yes">&lt;img src='sikuli_captured/sikuliximage-1608872424005.png'/&gt;</msg>
<status status="PASS" starttime="20201225 12:00:23.644" endtime="20201225 12:00:24.052"></status>
</kw>
<kw name="Click In" library="SikuliLibrary">
<doc>Click in. 
Click target image in area image.</doc>
<arguments>
<arg>${texField}</arg>
<arg>${texField}</arg>
</arguments>
<msg timestamp="20201225 12:00:24.659" level="INFO">Params: [ShrimpType.png, ShrimpType.png]</msg>
<msg timestamp="20201225 12:00:24.659" level="INFO" html="yes">&lt;img src='sikuli_captured/sikuliximage-1608872424405.png'/&gt;
ShrimpType.png is found!</msg>
<msg timestamp="20201225 12:00:24.659" level="INFO" html="yes">&lt;img src='sikuli_captured/sikuliximage-1608872424505.png'/&gt;
[log] CLICK on L[476,349]@S(0) (128 msec)</msg>
<status status="PASS" starttime="20201225 12:00:24.058" endtime="20201225 12:00:24.660"></status>
</kw>
<kw name="Input Text" library="SikuliLibrary">
<doc>Input text
 Image could be empty</doc>
<arguments>
<arg>${texField}</arg>
<arg>${data}</arg>
</arguments>
<msg timestamp="20201225 12:00:25.557" level="INFO">Params: [ShrimpType.png, 01]
Input Text:
01</msg>
<msg timestamp="20201225 12:00:25.557" level="INFO" html="yes">&lt;img src='sikuli_captured/sikuliximage-1608872424971.png'/&gt;
[log] CLICK on L[476,349]@S(0) (33 msec)
[log]  TYPE "01"</msg>
<status status="PASS" starttime="20201225 12:00:24.660" endtime="20201225 12:00:25.557"></status>
</kw>
<kw name="Press Special Key" library="SikuliLibrary">
<doc>Press special key
 Presses a special keyboard key.</doc>
<arguments>
<arg>ENTER</arg>
</arguments>
<msg timestamp="20201225 12:00:25.641" level="INFO">Params: [ENTER]
[log]  TYPE "#ENTER."</msg>
<status status="PASS" starttime="20201225 12:00:25.563" endtime="20201225 12:00:25.643"></status>
</kw>
<status status="PASS" starttime="20201225 12:00:23.644" endtime="20201225 12:00:25.643"></status>
</kw>
<kw name="Input text and Press Enter in ${ShrimpCondition} with -&gt; ${ShrimpConditionInput}" library="SikuliUtils">
<kw name="Wait Until Screen Contain" library="SikuliLibrary">
<doc>Wait until screen contain
 Wait until image shown in screen</doc>
<arguments>
<arg>${texField}</arg>
<arg>20</arg>
</arguments>
<msg timestamp="20201225 12:00:26.104" level="INFO">Params: [ShrimpCondition.png, 20]</msg>
<msg timestamp="20201225 12:00:26.104" level="INFO" html="yes">&lt;img src='sikuli_captured/sikuliximage-1608872426054.png'/&gt;</msg>
<status status="PASS" starttime="20201225 12:00:25.647" endtime="20201225 12:00:26.104"></status>
</kw>
<kw name="Click In" library="SikuliLibrary">
<doc>Click in. 
Click target image in area image.</doc>
<arguments>
<arg>${texField}</arg>
<arg>${texField}</arg>
</arguments>
<msg timestamp="20201225 12:00:26.757" level="INFO">Params: [ShrimpCondition.png, ShrimpCondition.png]</msg>
<msg timestamp="20201225 12:00:26.757" level="INFO" html="yes">&lt;img src='sikuli_captured/sikuliximage-1608872426493.png'/&gt;
ShrimpCondition.png is found!</msg>
<msg timestamp="20201225 12:00:26.757" level="INFO" html="yes">&lt;img src='sikuli_captured/sikuliximage-1608872426593.png'/&gt;
[log] CLICK on L[476,383]@S(0) (128 msec)</msg>
<status status="PASS" starttime="20201225 12:00:26.104" endtime="20201225 12:00:26.757"></status>
</kw>
<kw name="Input Text" library="SikuliLibrary">
<doc>Input text
 Image could be empty</doc>
<arguments>
<arg>${texField}</arg>
<arg>${data}</arg>
</arguments>
<msg timestamp="20201225 12:00:27.746" level="INFO">Params: [ShrimpCondition.png, 21]
Input Text:
21</msg>
<msg timestamp="20201225 12:00:27.746" level="INFO" html="yes">&lt;img src='sikuli_captured/sikuliximage-1608872427104.png'/&gt;
[log] CLICK on L[476,383]@S(0) (30 msec)
[log]  TYPE "21"</msg>
<status status="PASS" starttime="20201225 12:00:26.758" endtime="20201225 12:00:27.750"></status>
</kw>
<kw name="Press Special Key" library="SikuliLibrary">
<doc>Press special key
 Presses a special keyboard key.</doc>
<arguments>
<arg>ENTER</arg>
</arguments>
<msg timestamp="20201225 12:00:27.819" level="INFO">Params: [ENTER]
[log]  TYPE "#ENTER."</msg>
<status status="PASS" starttime="20201225 12:00:27.751" endtime="20201225 12:00:27.819"></status>
</kw>
<status status="PASS" starttime="20201225 12:00:25.645" endtime="20201225 12:00:27.820"></status>
</kw>
<kw name="Double Click in Area with Sikuli and Deleted then Input Text-&gt; ${Weight} ${Weight} with -&gt; ${WeightInput}" library="SikuliUtils">
<kw name="Wait Until Screen Contain" library="SikuliLibrary">
<doc>Wait until screen contain
 Wait until image shown in screen</doc>
<arguments>
<arg>${area}</arg>
<arg>30</arg>
</arguments>
<msg timestamp="20201225 12:00:28.288" level="INFO">Params: [Weight.png, 30]</msg>
<msg timestamp="20201225 12:00:28.288" level="INFO" html="yes">&lt;img src='sikuli_captured/sikuliximage-1608872428237.png'/&gt;</msg>
<status status="PASS" starttime="20201225 12:00:27.820" endtime="20201225 12:00:28.292"></status>
</kw>
<kw name="Wait Until Screen Contain" library="SikuliLibrary">
<doc>Wait until screen contain
 Wait until image shown in screen</doc>
<arguments>
<arg>${image}</arg>
<arg>30</arg>
</arguments>
<msg timestamp="20201225 12:00:28.801" level="INFO">Params: [Weight.png, 30]</msg>
<msg timestamp="20201225 12:00:28.801" level="INFO" html="yes">&lt;img src='sikuli_captured/sikuliximage-1608872428747.png'/&gt;</msg>
<status status="PASS" starttime="20201225 12:00:28.293" endtime="20201225 12:00:28.802"></status>
</kw>
<kw name="Double Click In" library="SikuliLibrary">
<doc>Double click in. 
Double click target image in area image.</doc>
<arguments>
<arg>${area}</arg>
<arg>${image}</arg>
</arguments>
<msg timestamp="20201225 12:00:29.486" level="INFO">Params: [Weight.png, Weight.png]</msg>
<msg timestamp="20201225 12:00:29.487" level="INFO" html="yes">&lt;img src='sikuli_captured/sikuliximage-1608872429197.png'/&gt;
Weight.png is found!</msg>
<msg timestamp="20201225 12:00:29.487" level="INFO" html="yes">&lt;img src='sikuli_captured/sikuliximage-1608872429293.png'/&gt;
[log] DOUBLE CLICK on L[468,482]@S(0) (156 msec)</msg>
<status status="PASS" starttime="20201225 12:00:28.803" endtime="20201225 12:00:29.488"></status>
</kw>
<kw name="Press Special Key" library="SikuliLibrary">
<doc>Press special key
 Presses a special keyboard key.</doc>
<arguments>
<arg>DELETE</arg>
</arguments>
<msg timestamp="20201225 12:00:29.565" level="INFO">Params: [DELETE]
[log]  TYPE "#DEL."</msg>
<status status="PASS" starttime="20201225 12:00:29.489" endtime="20201225 12:00:29.565"></status>
</kw>
<kw name="Input Text" library="SikuliLibrary">
<doc>Input text
 Image could be empty</doc>
<arguments>
<arg>${area}</arg>
<arg>${data}</arg>
</arguments>
<msg timestamp="20201225 12:00:30.605" level="INFO">Params: [Weight.png, 1000]
Input Text:
1000</msg>
<msg timestamp="20201225 12:00:30.605" level="INFO" html="yes">&lt;img src='sikuli_captured/sikuliximage-1608872429913.png'/&gt;
[log] CLICK on L[468,482]@S(0) (31 msec)
[log]  TYPE "1000"</msg>
<status status="PASS" starttime="20201225 12:00:29.569" endtime="20201225 12:00:30.605"></status>
</kw>
<kw name="Press Special Key" library="SikuliLibrary">
<doc>Press special key
 Presses a special keyboard key.</doc>
<arguments>
<arg>ENTER</arg>
</arguments>
<msg timestamp="20201225 12:00:30.690" level="INFO">Params: [ENTER]
[log]  TYPE "#ENTER."</msg>
<status status="PASS" starttime="20201225 12:00:30.610" endtime="20201225 12:00:30.690"></status>
</kw>
<status status="PASS" starttime="20201225 12:00:27.820" endtime="20201225 12:00:30.694"></status>
</kw>
<kw name="Input text in ${Info} with -&gt; ${InfoInput}" library="SikuliUtils">
<kw name="Wait Until Screen Contain" library="SikuliLibrary">
<doc>Wait until screen contain
 Wait until image shown in screen</doc>
<arguments>
<arg>${texField}</arg>
<arg>20</arg>
</arguments>
<msg timestamp="20201225 12:00:31.114" level="INFO">Params: [Info.png, 20]</msg>
<msg timestamp="20201225 12:00:31.114" level="INFO" html="yes">&lt;img src='sikuli_captured/sikuliximage-1608872431066.png'/&gt;</msg>
<status status="PASS" starttime="20201225 12:00:30.695" endtime="20201225 12:00:31.114"></status>
</kw>
<kw name="Input Text" library="SikuliLibrary">
<doc>Input text
 Image could be empty</doc>
<arguments>
<arg>${texField}</arg>
<arg>${data}</arg>
</arguments>
<msg timestamp="20201225 12:00:33.442" level="INFO">Params: [Info.png, Robot Framework Test]
Input Text:
Robot Framework Test</msg>
<msg timestamp="20201225 12:00:33.442" level="INFO" html="yes">&lt;img src='sikuli_captured/sikuliximage-1608872431454.png'/&gt;
[log] CLICK on L[476,525]@S(0) (135 msec)
[log]  TYPE "Robot Framework Test"</msg>
<status status="PASS" starttime="20201225 12:00:31.114" endtime="20201225 12:00:33.442"></status>
</kw>
<status status="PASS" starttime="20201225 12:00:30.694" endtime="20201225 12:00:33.442"></status>
</kw>
<kw name="Click Button with Sikuli -&gt; ${SaveBtn} timeout ${3} sec." library="SikuliUtils">
<kw name="Wait Until Screen Contain" library="SikuliLibrary">
<doc>Wait until screen contain
 Wait until image shown in screen</doc>
<arguments>
<arg>${image}</arg>
<arg>${sec}</arg>
</arguments>
<msg timestamp="20201225 12:00:33.791" level="INFO">Params: [SaveBtn.png, 3]</msg>
<msg timestamp="20201225 12:00:33.791" level="INFO" html="yes">&lt;img src='sikuli_captured/sikuliximage-1608872433787.png'/&gt;</msg>
<status status="PASS" starttime="20201225 12:00:33.448" endtime="20201225 12:00:33.791"></status>
</kw>
<kw name="Click" library="SikuliLibrary">
<doc>Click</doc>
<arguments>
<arg>${image}</arg>
</arguments>
<msg timestamp="20201225 12:00:34.574" level="INFO">Params: [SaveBtn.png]</msg>
<msg timestamp="20201225 12:00:34.574" level="INFO" html="yes">&lt;img src='sikuli_captured/sikuliximage-1608872434148.png'/&gt;
[log] CLICK on L[268,121]@S(0) (145 msec)</msg>
<status status="PASS" starttime="20201225 12:00:33.797" endtime="20201225 12:00:34.577"></status>
</kw>
<status status="PASS" starttime="20201225 12:00:33.448" endtime="20201225 12:00:34.577"></status>
</kw>
<kw name="Click Button with Sikuli -&gt; ${YesBtn1} timeout ${3} sec." library="SikuliUtils">
<kw name="Wait Until Screen Contain" library="SikuliLibrary">
<doc>Wait until screen contain
 Wait until image shown in screen</doc>
<arguments>
<arg>${image}</arg>
<arg>${sec}</arg>
</arguments>
<msg timestamp="20201225 12:00:34.930" level="INFO">Params: [YesBtn1.png, 3]</msg>
<msg timestamp="20201225 12:00:34.930" level="INFO" html="yes">&lt;img src='sikuli_captured/sikuliximage-1608872434921.png'/&gt;</msg>
<status status="PASS" starttime="20201225 12:00:34.579" endtime="20201225 12:00:34.930"></status>
</kw>
<kw name="Click" library="SikuliLibrary">
<doc>Click</doc>
<arguments>
<arg>${image}</arg>
</arguments>
<msg timestamp="20201225 12:00:35.755" level="INFO">Params: [YesBtn1.png]</msg>
<msg timestamp="20201225 12:00:35.755" level="INFO" html="yes">&lt;img src='sikuli_captured/sikuliximage-1608872435334.png'/&gt;
[log] CLICK on L[676,448]@S(0) (139 msec)</msg>
<status status="PASS" starttime="20201225 12:00:34.930" endtime="20201225 12:00:35.761"></status>
</kw>
<status status="PASS" starttime="20201225 12:00:34.578" endtime="20201225 12:00:35.761"></status>
</kw>
<kw name="Click Button with Sikuli -&gt; ${OkBtn1} timeout ${3} sec." library="SikuliUtils">
<kw name="Wait Until Screen Contain" library="SikuliLibrary">
<doc>Wait until screen contain
 Wait until image shown in screen</doc>
<arguments>
<arg>${image}</arg>
<arg>${sec}</arg>
</arguments>
<msg timestamp="20201225 12:00:36.461" level="INFO">Params: [OkBtn1.png, 3]</msg>
<msg timestamp="20201225 12:00:36.461" level="INFO" html="yes">&lt;img src='sikuli_captured/sikuliximage-1608872436453.png'/&gt;</msg>
<status status="PASS" starttime="20201225 12:00:35.762" endtime="20201225 12:00:36.465"></status>
</kw>
<kw name="Click" library="SikuliLibrary">
<doc>Click</doc>
<arguments>
<arg>${image}</arg>
</arguments>
<msg timestamp="20201225 12:00:37.359" level="INFO">Params: [OkBtn1.png]</msg>
<msg timestamp="20201225 12:00:37.359" level="INFO" html="yes">&lt;img src='sikuli_captured/sikuliximage-1608872436862.png'/&gt;
[log] CLICK on L[762,449]@S(0) (134 msec)</msg>
<status status="PASS" starttime="20201225 12:00:36.465" endtime="20201225 12:00:37.359"></status>
</kw>
<status status="PASS" starttime="20201225 12:00:35.762" endtime="20201225 12:00:37.362"></status>
</kw>
<kw name="Click Button with Sikuli -&gt; ${ExitBTn} timeout ${3} sec." library="SikuliUtils">
<kw name="Wait Until Screen Contain" library="SikuliLibrary">
<doc>Wait until screen contain
 Wait until image shown in screen</doc>
<arguments>
<arg>${image}</arg>
<arg>${sec}</arg>
</arguments>
<msg timestamp="20201225 12:00:37.783" level="INFO">Params: [ExitBTn.png, 3]</msg>
<msg timestamp="20201225 12:00:37.783" level="INFO" html="yes">&lt;img src='sikuli_captured/sikuliximage-1608872437778.png'/&gt;</msg>
<status status="PASS" starttime="20201225 12:00:37.363" endtime="20201225 12:00:37.783"></status>
</kw>
<kw name="Click" library="SikuliLibrary">
<doc>Click</doc>
<arguments>
<arg>${image}</arg>
</arguments>
<msg timestamp="20201225 12:00:38.556" level="INFO">Params: [ExitBTn.png]</msg>
<msg timestamp="20201225 12:00:38.556" level="INFO" html="yes">&lt;img src='sikuli_captured/sikuliximage-1608872438103.png'/&gt;
[log] CLICK on L[398,112]@S(0) (138 msec)</msg>
<status status="PASS" starttime="20201225 12:00:37.788" endtime="20201225 12:00:38.556"></status>
</kw>
<status status="PASS" starttime="20201225 12:00:37.363" endtime="20201225 12:00:38.559"></status>
</kw>
<kw name="Click Button with Sikuli -&gt; ${ExitBTn} timeout ${3} sec." library="SikuliUtils">
<kw name="Wait Until Screen Contain" library="SikuliLibrary">
<doc>Wait until screen contain
 Wait until image shown in screen</doc>
<arguments>
<arg>${image}</arg>
<arg>${sec}</arg>
</arguments>
<msg timestamp="20201225 12:00:38.956" level="INFO">Params: [ExitBTn.png, 3]</msg>
<msg timestamp="20201225 12:00:38.956" level="INFO" html="yes">&lt;img src='sikuli_captured/sikuliximage-1608872438947.png'/&gt;</msg>
<status status="PASS" starttime="20201225 12:00:38.562" endtime="20201225 12:00:38.961"></status>
</kw>
<kw name="Click" library="SikuliLibrary">
<doc>Click</doc>
<arguments>
<arg>${image}</arg>
</arguments>
<msg timestamp="20201225 12:00:39.839" level="INFO">Params: [ExitBTn.png]</msg>
<msg timestamp="20201225 12:00:39.839" level="INFO" html="yes">&lt;img src='sikuli_captured/sikuliximage-1608872439337.png'/&gt;
[log] CLICK on L[290,50]@S(0) (143 msec)</msg>
<status status="PASS" starttime="20201225 12:00:38.961" endtime="20201225 12:00:39.839"></status>
</kw>
<status status="PASS" starttime="20201225 12:00:38.560" endtime="20201225 12:00:39.843"></status>
</kw>
<kw name="Click Button with Sikuli -&gt; ${OkBtn1} timeout ${3} sec." library="SikuliUtils">
<kw name="Wait Until Screen Contain" library="SikuliLibrary">
<doc>Wait until screen contain
 Wait until image shown in screen</doc>
<arguments>
<arg>${image}</arg>
<arg>${sec}</arg>
</arguments>
<msg timestamp="20201225 12:00:40.714" level="INFO">Params: [OkBtn1.png, 3]</msg>
<msg timestamp="20201225 12:00:40.715" level="INFO" html="yes">&lt;img src='sikuli_captured/sikuliximage-1608872440701.png'/&gt;</msg>
<status status="PASS" starttime="20201225 12:00:39.846" endtime="20201225 12:00:40.715"></status>
</kw>
<kw name="Click" library="SikuliLibrary">
<doc>Click</doc>
<arguments>
<arg>${image}</arg>
</arguments>
<msg timestamp="20201225 12:00:41.625" level="INFO">Params: [OkBtn1.png]</msg>
<msg timestamp="20201225 12:00:41.626" level="INFO" html="yes">&lt;img src='sikuli_captured/sikuliximage-1608872441114.png'/&gt;
[log] CLICK on L[686,449]@S(0) (139 msec)</msg>
<status status="PASS" starttime="20201225 12:00:40.716" endtime="20201225 12:00:41.626"></status>
</kw>
<status status="PASS" starttime="20201225 12:00:39.844" endtime="20201225 12:00:41.626"></status>
</kw>
<status status="PASS" starttime="20201225 12:00:11.782" endtime="20201225 12:00:41.626"></status>
</kw>
<kw name="Choose Feed Report and Purchase Plan From Sidebar" library="CreateFeedReport">
<kw name="Double Click in Area with Sikuli -&gt; ${FeedReport} ${FeedReport}" library="SikuliUtils">
<kw name="Wait Until Screen Contain" library="SikuliLibrary">
<doc>Wait until screen contain
 Wait until image shown in screen</doc>
<arguments>
<arg>${area}</arg>
<arg>30</arg>
</arguments>
<msg timestamp="20201225 12:00:42.478" level="INFO">Params: [FeedReport.png, 30]</msg>
<msg timestamp="20201225 12:00:42.478" level="INFO" html="yes">&lt;img src='sikuli_captured/sikuliximage-1608872442473.png'/&gt;</msg>
<status status="PASS" starttime="20201225 12:00:41.629" endtime="20201225 12:00:42.478"></status>
</kw>
<kw name="Wait Until Screen Contain" library="SikuliLibrary">
<doc>Wait until screen contain
 Wait until image shown in screen</doc>
<arguments>
<arg>${image}</arg>
<arg>30</arg>
</arguments>
<msg timestamp="20201225 12:00:42.877" level="INFO">Params: [FeedReport.png, 30]</msg>
<msg timestamp="20201225 12:00:42.877" level="INFO" html="yes">&lt;img src='sikuli_captured/sikuliximage-1608872442871.png'/&gt;</msg>
<status status="PASS" starttime="20201225 12:00:42.482" endtime="20201225 12:00:42.877"></status>
</kw>
<kw name="Double Click In" library="SikuliLibrary">
<doc>Double click in. 
Double click target image in area image.</doc>
<arguments>
<arg>${area}</arg>
<arg>${image}</arg>
</arguments>
<msg timestamp="20201225 12:00:43.521" level="INFO">Params: [FeedReport.png, FeedReport.png]</msg>
<msg timestamp="20201225 12:00:43.521" level="INFO" html="yes">&lt;img src='sikuli_captured/sikuliximage-1608872443286.png'/&gt;
FeedReport.png is found!</msg>
<msg timestamp="20201225 12:00:43.521" level="INFO" html="yes">&lt;img src='sikuli_captured/sikuliximage-1608872443336.png'/&gt;
[log] DOUBLE CLICK on L[157,252]@S(0) (164 msec)</msg>
<status status="PASS" starttime="20201225 12:00:42.884" endtime="20201225 12:00:43.525"></status>
</kw>
<status status="PASS" starttime="20201225 12:00:41.628" endtime="20201225 12:00:43.525"></status>
</kw>
<kw name="Click Button with Sikuli -&gt; ${AddBtn} timeout ${5} sec." library="SikuliUtils">
<kw name="Wait Until Screen Contain" library="SikuliLibrary">
<doc>Wait until screen contain
 Wait until image shown in screen</doc>
<arguments>
<arg>${image}</arg>
<arg>${sec}</arg>
</arguments>
<msg timestamp="20201225 12:00:44.998" level="INFO">Params: [AddBtn.png, 5]</msg>
<msg timestamp="20201225 12:00:44.998" level="INFO" html="yes">&lt;img src='sikuli_captured/sikuliximage-1608872444987.png'/&gt;</msg>
<status status="PASS" starttime="20201225 12:00:43.527" endtime="20201225 12:00:44.999"></status>
</kw>
<kw name="Click" library="SikuliLibrary">
<doc>Click</doc>
<arguments>
<arg>${image}</arg>
</arguments>
<msg timestamp="20201225 12:00:45.819" level="INFO">Params: [AddBtn.png]</msg>
<msg timestamp="20201225 12:00:45.819" level="INFO" html="yes">&lt;img src='sikuli_captured/sikuliximage-1608872445403.png'/&gt;
[log] CLICK on L[915,255]@S(0) (134 msec)</msg>
<status status="PASS" starttime="20201225 12:00:44.999" endtime="20201225 12:00:45.820"></status>
</kw>
<status status="PASS" starttime="20201225 12:00:43.526" endtime="20201225 12:00:45.820"></status>
</kw>
<kw name="Click Button with Sikuli -&gt; ${MaterialType} timeout ${3} sec." library="SikuliUtils">
<kw name="Wait Until Screen Contain" library="SikuliLibrary">
<doc>Wait until screen contain
 Wait until image shown in screen</doc>
<arguments>
<arg>${image}</arg>
<arg>${sec}</arg>
</arguments>
<msg timestamp="20201225 12:00:46.848" level="INFO">Params: [MaterialType.png, 3]</msg>
<msg timestamp="20201225 12:00:46.848" level="INFO" html="yes">&lt;img src='sikuli_captured/sikuliximage-1608872446834.png'/&gt;</msg>
<status status="PASS" starttime="20201225 12:00:45.823" endtime="20201225 12:00:46.848"></status>
</kw>
<kw name="Click" library="SikuliLibrary">
<doc>Click</doc>
<arguments>
<arg>${image}</arg>
</arguments>
<msg timestamp="20201225 12:00:47.788" level="INFO">Params: [MaterialType.png]</msg>
<msg timestamp="20201225 12:00:47.788" level="INFO" html="yes">&lt;img src='sikuli_captured/sikuliximage-1608872447285.png'/&gt;
[log] CLICK on L[459,242]@S(0) (129 msec)</msg>
<status status="PASS" starttime="20201225 12:00:46.849" endtime="20201225 12:00:47.788"></status>
</kw>
<status status="PASS" starttime="20201225 12:00:45.821" endtime="20201225 12:00:47.790"></status>
</kw>
<kw name="Get text after image ${PlanNo} for another 40 pixels" library="SikuliUtils">
<assign>
<var>${GetPlan}</var>
</assign>
<kw name="Get text after image ${image name} for another ${wide} pixels with 0" library="SikuliUtils">
<assign>
<var>${text}</var>
</assign>
<kw name="Get Image Coordinates" library="SikuliLibrary">
<doc>Get Image Coordinates</doc>
<arguments>
<arg>${image name}</arg>
</arguments>
<assign>
<var>${image reg}</var>
</assign>
<msg timestamp="20201225 12:00:48.189" level="INFO">Params: [PlanNo.png]</msg>
<msg timestamp="20201225 12:00:48.189" level="INFO">${image reg} = [318, 166, 108, 23]</msg>
<status status="PASS" starttime="20201225 12:00:47.791" endtime="20201225 12:00:48.192"></status>
</kw>
<kw name="Highlight Region" library="SikuliLibrary">
<doc>Highlight region</doc>
<arguments>
<arg>${image reg}</arg>
<arg>2</arg>
</arguments>
<msg timestamp="20201225 12:00:50.658" level="INFO">Params: [[Ljava.lang.Object;@63fb35a1, 2]
[log] highlight R[318,166 108x23]@S(0) for 2.0 secs</msg>
<msg timestamp="20201225 12:00:50.658" level="INFO" html="yes">&lt;img src='sikuli_captured/sikuliximage-1608872450652.png'/&gt;</msg>
<status status="PASS" starttime="20201225 12:00:48.193" endtime="20201225 12:00:50.658"></status>
</kw>
<kw name="Evaluate" library="BuiltIn">
<doc>Evaluates the given expression in Python and returns the result.</doc>
<arguments>
<arg>${image reg}[0] + ${image reg}[2] + ${offset}</arg>
</arguments>
<assign>
<var>${new x}</var>
</assign>
<msg timestamp="20201225 12:00:50.671" level="INFO">${new x} = 426</msg>
<status status="PASS" starttime="20201225 12:00:50.669" endtime="20201225 12:00:50.671"></status>
</kw>
<kw name="Create List" library="BuiltIn">
<doc>Returns a list containing given items.</doc>
<arguments>
<arg>${new x}</arg>
<arg>${image reg}[1]</arg>
<arg>${wide}</arg>
<arg>${image reg}[3]</arg>
</arguments>
<assign>
<var>${reg}</var>
</assign>
<msg timestamp="20201225 12:00:50.671" level="INFO">${reg} = [426, 166, '40', 23]</msg>
<status status="PASS" starttime="20201225 12:00:50.671" endtime="20201225 12:00:50.671"></status>
</kw>
<kw name="Highlight Region" library="SikuliLibrary">
<doc>Highlight region</doc>
<arguments>
<arg>${reg}</arg>
<arg>2</arg>
</arguments>
<msg timestamp="20201225 12:00:53.023" level="INFO">Params: [[Ljava.lang.Object;@19636dcf, 2]
[log] highlight R[426,166 40x23]@S(0) for 2.0 secs</msg>
<msg timestamp="20201225 12:00:53.023" level="INFO" html="yes">&lt;img src='sikuli_captured/sikuliximage-1608872453017.png'/&gt;</msg>
<status status="PASS" starttime="20201225 12:00:50.671" endtime="20201225 12:00:53.031"></status>
</kw>
<kw name="Read Text From Region" library="SikuliLibrary">
<doc>Read text from region</doc>
<arguments>
<arg>${reg}</arg>
</arguments>
<assign>
<var>${text}</var>
</assign>
<msg timestamp="20201225 12:00:53.713" level="INFO">Params: [[Ljava.lang.Object;@183b4d49]
reg variable: [426, 166, 40, 23]</msg>
<msg timestamp="20201225 12:00:53.713" level="INFO">${text} = 202052</msg>
<status status="PASS" starttime="20201225 12:00:53.031" endtime="20201225 12:00:53.713"></status>
</kw>
<msg timestamp="20201225 12:00:53.718" level="INFO">${text} = 202052</msg>
<status status="PASS" starttime="20201225 12:00:47.791" endtime="20201225 12:00:53.718"></status>
</kw>
<msg timestamp="20201225 12:00:53.718" level="INFO">${GetPlan} = 202052</msg>
<status status="PASS" starttime="20201225 12:00:47.791" endtime="20201225 12:00:53.718"></status>
</kw>
<kw name="Log To Console" library="BuiltIn">
<doc>Logs the given message to the console.</doc>
<arguments>
<arg>${GetPlan}</arg>
</arguments>
<status status="PASS" starttime="20201225 12:00:53.718" endtime="20201225 12:00:53.718"></status>
</kw>
<kw name="Sleep" library="BuiltIn">
<doc>Pauses the test executed for the given time.</doc>
<arguments>
<arg>2s</arg>
</arguments>
<msg timestamp="20201225 12:00:55.735" level="INFO">Slept 2 seconds</msg>
<status status="PASS" starttime="20201225 12:00:53.721" endtime="20201225 12:00:55.735"></status>
</kw>
<kw name="Input text and Press Enter in ${MaterialType} with -&gt; ${MaterialInput}" library="SikuliUtils">
<kw name="Wait Until Screen Contain" library="SikuliLibrary">
<doc>Wait until screen contain
 Wait until image shown in screen</doc>
<arguments>
<arg>${texField}</arg>
<arg>20</arg>
</arguments>
<msg timestamp="20201225 12:00:56.103" level="INFO">Params: [MaterialType.png, 20]</msg>
<msg timestamp="20201225 12:00:56.103" level="INFO" html="yes">&lt;img src='sikuli_captured/sikuliximage-1608872456051.png'/&gt;</msg>
<status status="PASS" starttime="20201225 12:00:55.736" endtime="20201225 12:00:56.103"></status>
</kw>
<kw name="Click In" library="SikuliLibrary">
<doc>Click in. 
Click target image in area image.</doc>
<arguments>
<arg>${texField}</arg>
<arg>${texField}</arg>
</arguments>
<msg timestamp="20201225 12:00:56.570" level="INFO">Params: [MaterialType.png, MaterialType.png]</msg>
<msg timestamp="20201225 12:00:56.570" level="INFO" html="yes">&lt;img src='sikuli_captured/sikuliximage-1608872456415.png'/&gt;
MaterialType.png is found!</msg>
<msg timestamp="20201225 12:00:56.570" level="INFO" html="yes">&lt;img src='sikuli_captured/sikuliximage-1608872456500.png'/&gt;
[log] CLICK on L[459,242]@S(0) (47 msec)</msg>
<status status="PASS" starttime="20201225 12:00:56.104" endtime="20201225 12:00:56.570"></status>
</kw>
<kw name="Input Text" library="SikuliLibrary">
<doc>Input text
 Image could be empty</doc>
<arguments>
<arg>${texField}</arg>
<arg>${data}</arg>
</arguments>
<msg timestamp="20201225 12:00:57.370" level="INFO">Params: [MaterialType.png, A1]
Input Text:
A1</msg>
<msg timestamp="20201225 12:00:57.370" level="INFO" html="yes">&lt;img src='sikuli_captured/sikuliximage-1608872456900.png'/&gt;
[log] CLICK on L[459,242]@S(0) (32 msec)
[log]  TYPE "A1"</msg>
<status status="PASS" starttime="20201225 12:00:56.572" endtime="20201225 12:00:57.370"></status>
</kw>
<kw name="Press Special Key" library="SikuliLibrary">
<doc>Press special key
 Presses a special keyboard key.</doc>
<arguments>
<arg>ENTER</arg>
</arguments>
<msg timestamp="20201225 12:00:57.446" level="INFO">Params: [ENTER]
[log]  TYPE "#ENTER."</msg>
<status status="PASS" starttime="20201225 12:00:57.374" endtime="20201225 12:00:57.447"></status>
</kw>
<status status="PASS" starttime="20201225 12:00:55.736" endtime="20201225 12:00:57.447"></status>
</kw>
<kw name="Input text and Press Enter in ${Farm} with -&gt; ${FarmInput}" library="SikuliUtils">
<kw name="Wait Until Screen Contain" library="SikuliLibrary">
<doc>Wait until screen contain
 Wait until image shown in screen</doc>
<arguments>
<arg>${texField}</arg>
<arg>20</arg>
</arguments>
<msg timestamp="20201225 12:00:57.834" level="INFO">Params: [Farm.png, 20]</msg>
<msg timestamp="20201225 12:00:57.834" level="INFO" html="yes">&lt;img src='sikuli_captured/sikuliximage-1608872457787.png'/&gt;</msg>
<status status="PASS" starttime="20201225 12:00:57.450" endtime="20201225 12:00:57.834"></status>
</kw>
<kw name="Click In" library="SikuliLibrary">
<doc>Click in. 
Click target image in area image.</doc>
<arguments>
<arg>${texField}</arg>
<arg>${texField}</arg>
</arguments>
<msg timestamp="20201225 12:00:58.436" level="INFO">Params: [Farm.png, Farm.png]</msg>
<msg timestamp="20201225 12:00:58.436" level="INFO" html="yes">&lt;img src='sikuli_captured/sikuliximage-1608872458163.png'/&gt;
Farm.png is found!</msg>
<msg timestamp="20201225 12:00:58.436" level="INFO" html="yes">&lt;img src='sikuli_captured/sikuliximage-1608872458258.png'/&gt;
[log] CLICK on L[458,274]@S(0) (147 msec)</msg>
<status status="PASS" starttime="20201225 12:00:57.839" endtime="20201225 12:00:58.440"></status>
</kw>
<kw name="Input Text" library="SikuliLibrary">
<doc>Input text
 Image could be empty</doc>
<arguments>
<arg>${texField}</arg>
<arg>${data}</arg>
</arguments>
<msg timestamp="20201225 12:01:00.101" level="INFO">Params: [Farm.png, 22-01-014580]
Input Text:
22-01-014580</msg>
<msg timestamp="20201225 12:01:00.101" level="INFO" html="yes">&lt;img src='sikuli_captured/sikuliximage-1608872458814.png'/&gt;
[log] CLICK on L[458,274]@S(0) (36 msec)
[log]  TYPE "22-01-014580"</msg>
<status status="PASS" starttime="20201225 12:00:58.440" endtime="20201225 12:01:00.101"></status>
</kw>
<kw name="Press Special Key" library="SikuliLibrary">
<doc>Press special key
 Presses a special keyboard key.</doc>
<arguments>
<arg>ENTER</arg>
</arguments>
<msg timestamp="20201225 12:01:00.177" level="INFO">Params: [ENTER]
[log]  TYPE "#ENTER."</msg>
<status status="PASS" starttime="20201225 12:01:00.105" endtime="20201225 12:01:00.177"></status>
</kw>
<status status="PASS" starttime="20201225 12:00:57.448" endtime="20201225 12:01:00.178"></status>
</kw>
<kw name="Input text and Press Enter in ${Sump} with -&gt; ${SumpInput}" library="SikuliUtils">
<kw name="Wait Until Screen Contain" library="SikuliLibrary">
<doc>Wait until screen contain
 Wait until image shown in screen</doc>
<arguments>
<arg>${texField}</arg>
<arg>20</arg>
</arguments>
<msg timestamp="20201225 12:01:00.683" level="INFO">Params: [Sump.png, 20]</msg>
<msg timestamp="20201225 12:01:00.683" level="INFO" html="yes">&lt;img src='sikuli_captured/sikuliximage-1608872460631.png'/&gt;</msg>
<status status="PASS" starttime="20201225 12:01:00.183" endtime="20201225 12:01:00.684"></status>
</kw>
<kw name="Click In" library="SikuliLibrary">
<doc>Click in. 
Click target image in area image.</doc>
<arguments>
<arg>${texField}</arg>
<arg>${texField}</arg>
</arguments>
<msg timestamp="20201225 12:01:01.315" level="INFO">Params: [Sump.png, Sump.png]</msg>
<msg timestamp="20201225 12:01:01.315" level="INFO" html="yes">&lt;img src='sikuli_captured/sikuliximage-1608872461081.png'/&gt;
Sump.png is found!</msg>
<msg timestamp="20201225 12:01:01.315" level="INFO" html="yes">&lt;img src='sikuli_captured/sikuliximage-1608872461161.png'/&gt;
[log] CLICK on L[443,306]@S(0) (122 msec)</msg>
<status status="PASS" starttime="20201225 12:01:00.685" endtime="20201225 12:01:01.317"></status>
</kw>
<kw name="Input Text" library="SikuliLibrary">
<doc>Input text
 Image could be empty</doc>
<arguments>
<arg>${texField}</arg>
<arg>${data}</arg>
</arguments>
<msg timestamp="20201225 12:01:02.234" level="INFO">Params: [Sump.png, 1]
Input Text:
1</msg>
<msg timestamp="20201225 12:01:02.234" level="INFO" html="yes">&lt;img src='sikuli_captured/sikuliximage-1608872461671.png'/&gt;
[log] CLICK on L[443,306]@S(0) (29 msec)
[log]  TYPE "1"</msg>
<status status="PASS" starttime="20201225 12:01:01.317" endtime="20201225 12:01:02.234"></status>
</kw>
<kw name="Press Special Key" library="SikuliLibrary">
<doc>Press special key
 Presses a special keyboard key.</doc>
<arguments>
<arg>ENTER</arg>
</arguments>
<msg timestamp="20201225 12:01:02.304" level="INFO">Params: [ENTER]
[log]  TYPE "#ENTER."</msg>
<status status="PASS" starttime="20201225 12:01:02.236" endtime="20201225 12:01:02.304"></status>
</kw>
<status status="PASS" starttime="20201225 12:01:00.180" endtime="20201225 12:01:02.307"></status>
</kw>
<kw name="Get random number for 3" library="RobotUtils">
<assign>
<var>${Number}</var>
</assign>
<kw name="Generate Random String" library="String">
<doc>Generates a string with a desired ``length`` from the given ``chars``.</doc>
<arguments>
<arg>${position count}</arg>
<arg>[NUMBERS]</arg>
</arguments>
<assign>
<var>${randomNumber}</var>
</assign>
<msg timestamp="20201225 12:01:02.308" level="INFO">${randomNumber} = 464</msg>
<status status="PASS" starttime="20201225 12:01:02.308" endtime="20201225 12:01:02.308"></status>
</kw>
<msg timestamp="20201225 12:01:02.311" level="INFO">${Number} = 464</msg>
<status status="PASS" starttime="20201225 12:01:02.307" endtime="20201225 12:01:02.311"></status>
</kw>
<kw name="Input text and Press Enter in ${Gen} with -&gt; ${Number}" library="SikuliUtils">
<kw name="Wait Until Screen Contain" library="SikuliLibrary">
<doc>Wait until screen contain
 Wait until image shown in screen</doc>
<arguments>
<arg>${texField}</arg>
<arg>20</arg>
</arguments>
<msg timestamp="20201225 12:01:02.709" level="INFO">Params: [Gen.png, 20]</msg>
<msg timestamp="20201225 12:01:02.709" level="INFO" html="yes">&lt;img src='sikuli_captured/sikuliximage-1608872462661.png'/&gt;</msg>
<status status="PASS" starttime="20201225 12:01:02.311" endtime="20201225 12:01:02.709"></status>
</kw>
<kw name="Click In" library="SikuliLibrary">
<doc>Click in. 
Click target image in area image.</doc>
<arguments>
<arg>${texField}</arg>
<arg>${texField}</arg>
</arguments>
<msg timestamp="20201225 12:01:03.378" level="INFO">Params: [Gen.png, Gen.png]</msg>
<msg timestamp="20201225 12:01:03.378" level="INFO" html="yes">&lt;img src='sikuli_captured/sikuliximage-1608872463143.png'/&gt;
Gen.png is found!</msg>
<msg timestamp="20201225 12:01:03.378" level="INFO" html="yes">&lt;img src='sikuli_captured/sikuliximage-1608872463205.png'/&gt;
[log] CLICK on L[444,340]@S(0) (135 msec)</msg>
<status status="PASS" starttime="20201225 12:01:02.712" endtime="20201225 12:01:03.378"></status>
</kw>
<kw name="Input Text" library="SikuliLibrary">
<doc>Input text
 Image could be empty</doc>
<arguments>
<arg>${texField}</arg>
<arg>${data}</arg>
</arguments>
<msg timestamp="20201225 12:01:04.346" level="INFO">Params: [Gen.png, 464]
Input Text:
464</msg>
<msg timestamp="20201225 12:01:04.346" level="INFO" html="yes">&lt;img src='sikuli_captured/sikuliximage-1608872463694.png'/&gt;
[log] CLICK on L[444,340]@S(0) (38 msec)
[log]  TYPE "464"</msg>
<status status="PASS" starttime="20201225 12:01:03.379" endtime="20201225 12:01:04.346"></status>
</kw>
<kw name="Press Special Key" library="SikuliLibrary">
<doc>Press special key
 Presses a special keyboard key.</doc>
<arguments>
<arg>ENTER</arg>
</arguments>
<msg timestamp="20201225 12:01:04.416" level="INFO">Params: [ENTER]
[log]  TYPE "#ENTER."</msg>
<status status="PASS" starttime="20201225 12:01:04.347" endtime="20201225 12:01:04.416"></status>
</kw>
<status status="PASS" starttime="20201225 12:01:02.311" endtime="20201225 12:01:04.416"></status>
</kw>
<kw name="Input text and Press Enter in ${AverageSize} with -&gt; ${AverageSizeInput}" library="SikuliUtils">
<kw name="Wait Until Screen Contain" library="SikuliLibrary">
<doc>Wait until screen contain
 Wait until image shown in screen</doc>
<arguments>
<arg>${texField}</arg>
<arg>20</arg>
</arguments>
<msg timestamp="20201225 12:01:04.901" level="INFO">Params: [AverageSize.png, 20]</msg>
<msg timestamp="20201225 12:01:04.901" level="INFO" html="yes">&lt;img src='sikuli_captured/sikuliximage-1608872464849.png'/&gt;</msg>
<status status="PASS" starttime="20201225 12:01:04.422" endtime="20201225 12:01:04.901"></status>
</kw>
<kw name="Click In" library="SikuliLibrary">
<doc>Click in. 
Click target image in area image.</doc>
<arguments>
<arg>${texField}</arg>
<arg>${texField}</arg>
</arguments>
<msg timestamp="20201225 12:01:05.514" level="INFO">Params: [AverageSize.png, AverageSize.png]</msg>
<msg timestamp="20201225 12:01:05.515" level="INFO" html="yes">&lt;img src='sikuli_captured/sikuliximage-1608872465278.png'/&gt;
AverageSize.png is found!</msg>
<msg timestamp="20201225 12:01:05.515" level="INFO" html="yes">&lt;img src='sikuli_captured/sikuliximage-1608872465349.png'/&gt;
[log] CLICK on L[443,370]@S(0) (142 msec)</msg>
<status status="PASS" starttime="20201225 12:01:04.901" endtime="20201225 12:01:05.515"></status>
</kw>
<kw name="Input Text" library="SikuliLibrary">
<doc>Input text
 Image could be empty</doc>
<arguments>
<arg>${texField}</arg>
<arg>${data}</arg>
</arguments>
<msg timestamp="20201225 12:01:06.502" level="INFO">Params: [AverageSize.png, 25]
Input Text:
25</msg>
<msg timestamp="20201225 12:01:06.502" level="INFO" html="yes">&lt;img src='sikuli_captured/sikuliximage-1608872465878.png'/&gt;
[log] CLICK on L[443,370]@S(0) (39 msec)
[log]  TYPE "25"</msg>
<status status="PASS" starttime="20201225 12:01:05.515" endtime="20201225 12:01:06.502"></status>
</kw>
<kw name="Press Special Key" library="SikuliLibrary">
<doc>Press special key
 Presses a special keyboard key.</doc>
<arguments>
<arg>ENTER</arg>
</arguments>
<msg timestamp="20201225 12:01:06.590" level="INFO">Params: [ENTER]
[log]  TYPE "#ENTER."</msg>
<status status="PASS" starttime="20201225 12:01:06.505" endtime="20201225 12:01:06.590"></status>
</kw>
<status status="PASS" starttime="20201225 12:01:04.420" endtime="20201225 12:01:06.591"></status>
</kw>
<kw name="Input text and Press Enter in ${InitialSize} with -&gt; ${InitialSizeInput}" library="SikuliUtils">
<kw name="Wait Until Screen Contain" library="SikuliLibrary">
<doc>Wait until screen contain
 Wait until image shown in screen</doc>
<arguments>
<arg>${texField}</arg>
<arg>20</arg>
</arguments>
<msg timestamp="20201225 12:01:06.996" level="INFO">Params: [InitialSize.png, 20]</msg>
<msg timestamp="20201225 12:01:06.996" level="INFO" html="yes">&lt;img src='sikuli_captured/sikuliximage-1608872466949.png'/&gt;</msg>
<status status="PASS" starttime="20201225 12:01:06.591" endtime="20201225 12:01:06.996"></status>
</kw>
<kw name="Click In" library="SikuliLibrary">
<doc>Click in. 
Click target image in area image.</doc>
<arguments>
<arg>${texField}</arg>
<arg>${texField}</arg>
</arguments>
<msg timestamp="20201225 12:01:07.685" level="INFO">Params: [InitialSize.png, InitialSize.png]</msg>
<msg timestamp="20201225 12:01:07.685" level="INFO" html="yes">&lt;img src='sikuli_captured/sikuliximage-1608872467448.png'/&gt;
InitialSize.png is found!</msg>
<msg timestamp="20201225 12:01:07.685" level="INFO" html="yes">&lt;img src='sikuli_captured/sikuliximage-1608872467532.png'/&gt;
[log] CLICK on L[445,404]@S(0) (130 msec)</msg>
<status status="PASS" starttime="20201225 12:01:07.003" endtime="20201225 12:01:07.685"></status>
</kw>
<kw name="Input Text" library="SikuliLibrary">
<doc>Input text
 Image could be empty</doc>
<arguments>
<arg>${texField}</arg>
<arg>${data}</arg>
</arguments>
<msg timestamp="20201225 12:01:08.604" level="INFO">Params: [InitialSize.png, 20]
Input Text:
20</msg>
<msg timestamp="20201225 12:01:08.604" level="INFO" html="yes">&lt;img src='sikuli_captured/sikuliximage-1608872468049.png'/&gt;
[log] CLICK on L[445,404]@S(0) (34 msec)
[log]  TYPE "20"</msg>
<status status="PASS" starttime="20201225 12:01:07.687" endtime="20201225 12:01:08.607"></status>
</kw>
<kw name="Press Special Key" library="SikuliLibrary">
<doc>Press special key
 Presses a special keyboard key.</doc>
<arguments>
<arg>ENTER</arg>
</arguments>
<msg timestamp="20201225 12:01:08.683" level="INFO">Params: [ENTER]
[log]  TYPE "#ENTER."</msg>
<status status="PASS" starttime="20201225 12:01:08.608" endtime="20201225 12:01:08.684"></status>
</kw>
<status status="PASS" starttime="20201225 12:01:06.591" endtime="20201225 12:01:08.684"></status>
</kw>
<kw name="Input text and Press Enter in ${FinalSize} with -&gt; ${FinalSizeInput}" library="SikuliUtils">
<kw name="Wait Until Screen Contain" library="SikuliLibrary">
<doc>Wait until screen contain
 Wait until image shown in screen</doc>
<arguments>
<arg>${texField}</arg>
<arg>20</arg>
</arguments>
<msg timestamp="20201225 12:01:09.148" level="INFO">Params: [FinalSize.png, 20]</msg>
<msg timestamp="20201225 12:01:09.149" level="INFO" html="yes">&lt;img src='sikuli_captured/sikuliximage-1608872469099.png'/&gt;</msg>
<status status="PASS" starttime="20201225 12:01:08.686" endtime="20201225 12:01:09.149"></status>
</kw>
<kw name="Click In" library="SikuliLibrary">
<doc>Click in. 
Click target image in area image.</doc>
<arguments>
<arg>${texField}</arg>
<arg>${texField}</arg>
</arguments>
<msg timestamp="20201225 12:01:09.751" level="INFO">Params: [FinalSize.png, FinalSize.png]</msg>
<msg timestamp="20201225 12:01:09.751" level="INFO" html="yes">&lt;img src='sikuli_captured/sikuliximage-1608872469495.png'/&gt;
FinalSize.png is found!</msg>
<msg timestamp="20201225 12:01:09.751" level="INFO" html="yes">&lt;img src='sikuli_captured/sikuliximage-1608872469582.png'/&gt;
[log] CLICK on L[445,435]@S(0) (145 msec)</msg>
<status status="PASS" starttime="20201225 12:01:09.150" endtime="20201225 12:01:09.751"></status>
</kw>
<kw name="Input Text" library="SikuliLibrary">
<doc>Input text
 Image could be empty</doc>
<arguments>
<arg>${texField}</arg>
<arg>${data}</arg>
</arguments>
<msg timestamp="20201225 12:01:10.735" level="INFO">Params: [FinalSize.png, 30]
Input Text:
30</msg>
<msg timestamp="20201225 12:01:10.735" level="INFO" html="yes">&lt;img src='sikuli_captured/sikuliximage-1608872470166.png'/&gt;
[log] CLICK on L[445,435]@S(0) (42 msec)
[log]  TYPE "30"</msg>
<status status="PASS" starttime="20201225 12:01:09.751" endtime="20201225 12:01:10.735"></status>
</kw>
<kw name="Press Special Key" library="SikuliLibrary">
<doc>Press special key
 Presses a special keyboard key.</doc>
<arguments>
<arg>ENTER</arg>
</arguments>
<msg timestamp="20201225 12:01:10.818" level="INFO">Params: [ENTER]
[log]  TYPE "#ENTER."</msg>
<status status="PASS" starttime="20201225 12:01:10.736" endtime="20201225 12:01:10.818"></status>
</kw>
<status status="PASS" starttime="20201225 12:01:08.685" endtime="20201225 12:01:10.823"></status>
</kw>
<kw name="Double Click in Area with Sikuli and Deleted then Input Text-&gt; ${Weight1} ${Weight1} with -&gt; ${WeightInput}" library="SikuliUtils">
<kw name="Wait Until Screen Contain" library="SikuliLibrary">
<doc>Wait until screen contain
 Wait until image shown in screen</doc>
<arguments>
<arg>${area}</arg>
<arg>30</arg>
</arguments>
<msg timestamp="20201225 12:01:11.270" level="INFO">Params: [Weight1.png, 30]</msg>
<msg timestamp="20201225 12:01:11.270" level="INFO" html="yes">&lt;img src='sikuli_captured/sikuliximage-1608872471215.png'/&gt;</msg>
<status status="PASS" starttime="20201225 12:01:10.825" endtime="20201225 12:01:11.270"></status>
</kw>
<kw name="Wait Until Screen Contain" library="SikuliLibrary">
<doc>Wait until screen contain
 Wait until image shown in screen</doc>
<arguments>
<arg>${image}</arg>
<arg>30</arg>
</arguments>
<msg timestamp="20201225 12:01:11.722" level="INFO">Params: [Weight1.png, 30]</msg>
<msg timestamp="20201225 12:01:11.722" level="INFO" html="yes">&lt;img src='sikuli_captured/sikuliximage-1608872471669.png'/&gt;</msg>
<status status="PASS" starttime="20201225 12:01:11.271" endtime="20201225 12:01:11.722"></status>
</kw>
<kw name="Double Click In" library="SikuliLibrary">
<doc>Double click in. 
Double click target image in area image.</doc>
<arguments>
<arg>${area}</arg>
<arg>${image}</arg>
</arguments>
<msg timestamp="20201225 12:01:12.319" level="INFO">Params: [Weight1.png, Weight1.png]</msg>
<msg timestamp="20201225 12:01:12.319" level="INFO" html="yes">&lt;img src='sikuli_captured/sikuliximage-1608872472082.png'/&gt;
Weight1.png is found!</msg>
<msg timestamp="20201225 12:01:12.319" level="INFO" html="yes">&lt;img src='sikuli_captured/sikuliximage-1608872472132.png'/&gt;
[log] DOUBLE CLICK on L[444,467]@S(0) (162 msec)</msg>
<status status="PASS" starttime="20201225 12:01:11.725" endtime="20201225 12:01:12.319"></status>
</kw>
<kw name="Press Special Key" library="SikuliLibrary">
<doc>Press special key
 Presses a special keyboard key.</doc>
<arguments>
<arg>DELETE</arg>
</arguments>
<msg timestamp="20201225 12:01:12.399" level="INFO">Params: [DELETE]
[log]  TYPE "#DEL."</msg>
<status status="PASS" starttime="20201225 12:01:12.322" endtime="20201225 12:01:12.403"></status>
</kw>
<kw name="Input Text" library="SikuliLibrary">
<doc>Input text
 Image could be empty</doc>
<arguments>
<arg>${area}</arg>
<arg>${data}</arg>
</arguments>
<msg timestamp="20201225 12:01:13.485" level="INFO">Params: [Weight1.png, 1000]
Input Text:
1000</msg>
<msg timestamp="20201225 12:01:13.485" level="INFO" html="yes">&lt;img src='sikuli_captured/sikuliximage-1608872472715.png'/&gt;
[log] CLICK on L[444,467]@S(0) (40 msec)
[log]  TYPE "1000"</msg>
<status status="PASS" starttime="20201225 12:01:12.404" endtime="20201225 12:01:13.485"></status>
</kw>
<kw name="Press Special Key" library="SikuliLibrary">
<doc>Press special key
 Presses a special keyboard key.</doc>
<arguments>
<arg>ENTER</arg>
</arguments>
[...]
</kw>
<kw name="Click In" library="SikuliLibrary">
<doc>Click in. 
Click target image in area image.</doc>
<arguments>
<arg>${area}</arg>
<arg>${image}</arg>
</arguments>
<msg timestamp="20201225 12:05:41.595" level="INFO">Params: [Scroll3.png, Scroll3.png]</msg>
<msg timestamp="20201225 12:05:41.596" level="INFO" html="yes">&lt;img src='sikuli_captured/sikuliximage-1608872741400.png'/&gt;
Scroll3.png is found!</msg>
<msg timestamp="20201225 12:05:41.596" level="INFO" html="yes">&lt;img src='sikuli_captured/sikuliximage-1608872741442.png'/&gt;
[log] CLICK on L[951,515]@S(0) (130 msec)</msg>
<status status="PASS" starttime="20201225 12:05:41.037" endtime="20201225 12:05:41.596"></status>
</kw>
<status status="PASS" starttime="20201225 12:05:39.896" endtime="20201225 12:05:41.597"></status>
</kw>
<kw name="Double Click in Area with Sikuli -&gt; ${GreenBtn} ${GreenBtn}" library="SikuliUtils">
<kw name="Wait Until Screen Contain" library="SikuliLibrary">
<doc>Wait until screen contain
 Wait until image shown in screen</doc>
<arguments>
<arg>${area}</arg>
<arg>30</arg>
</arguments>
<msg timestamp="20201225 12:05:42.120" level="INFO">Params: [GreenBtn.png, 30]</msg>
<msg timestamp="20201225 12:05:42.120" level="INFO" html="yes">&lt;img src='sikuli_captured/sikuliximage-1608872742108.png'/&gt;</msg>
<status status="PASS" starttime="20201225 12:05:41.598" endtime="20201225 12:05:42.120"></status>
</kw>
<kw name="Wait Until Screen Contain" library="SikuliLibrary">
<doc>Wait until screen contain
 Wait until image shown in screen</doc>
<arguments>
<arg>${image}</arg>
<arg>30</arg>
</arguments>
<msg timestamp="20201225 12:05:42.447" level="INFO">Params: [GreenBtn.png, 30]</msg>
<msg timestamp="20201225 12:05:42.447" level="INFO" html="yes">&lt;img src='sikuli_captured/sikuliximage-1608872742442.png'/&gt;</msg>
<status status="PASS" starttime="20201225 12:05:42.120" endtime="20201225 12:05:42.447"></status>
</kw>
<kw name="Double Click In" library="SikuliLibrary">
<doc>Double click in. 
Double click target image in area image.</doc>
<arguments>
<arg>${area}</arg>
<arg>${image}</arg>
</arguments>
<msg timestamp="20201225 12:05:43.061" level="INFO">Params: [GreenBtn.png, GreenBtn.png]</msg>
<msg timestamp="20201225 12:05:43.061" level="INFO" html="yes">&lt;img src='sikuli_captured/sikuliximage-1608872742825.png'/&gt;
GreenBtn.png is found!</msg>
<msg timestamp="20201225 12:05:43.061" level="INFO" html="yes">&lt;img src='sikuli_captured/sikuliximage-1608872742875.png'/&gt;
[log] DOUBLE CLICK on L[732,337]@S(0) (162 msec)</msg>
<status status="PASS" starttime="20201225 12:05:42.447" endtime="20201225 12:05:43.061"></status>
</kw>
<status status="PASS" starttime="20201225 12:05:41.598" endtime="20201225 12:05:43.064"></status>
</kw>
<kw name="Input text and Press Enter in ${WeightMachine} with -&gt; ${WeightMachineInput}" library="SikuliUtils">
<kw name="Wait Until Screen Contain" library="SikuliLibrary">
<doc>Wait until screen contain
 Wait until image shown in screen</doc>
<arguments>
<arg>${texField}</arg>
<arg>20</arg>
</arguments>
<msg timestamp="20201225 12:05:44.497" level="INFO">Params: [WeightMachine.png, 20]</msg>
<msg timestamp="20201225 12:05:44.497" level="INFO" html="yes">&lt;img src='sikuli_captured/sikuliximage-1608872744490.png'/&gt;</msg>
<status status="PASS" starttime="20201225 12:05:43.066" endtime="20201225 12:05:44.497"></status>
</kw>
<kw name="Click In" library="SikuliLibrary">
<doc>Click in. 
Click target image in area image.</doc>
<arguments>
<arg>${texField}</arg>
<arg>${texField}</arg>
</arguments>
<msg timestamp="20201225 12:05:45.061" level="INFO">Params: [WeightMachine.png, WeightMachine.png]</msg>
<msg timestamp="20201225 12:05:45.062" level="INFO" html="yes">&lt;img src='sikuli_captured/sikuliximage-1608872744857.png'/&gt;
WeightMachine.png is found!</msg>
<msg timestamp="20201225 12:05:45.062" level="INFO" html="yes">&lt;img src='sikuli_captured/sikuliximage-1608872744908.png'/&gt;
[log] CLICK on L[311,575]@S(0) (131 msec)</msg>
<status status="PASS" starttime="20201225 12:05:44.497" endtime="20201225 12:05:45.063"></status>
</kw>
<kw name="Input Text" library="SikuliLibrary">
<doc>Input text
 Image could be empty</doc>
<arguments>
<arg>${texField}</arg>
<arg>${data}</arg>
</arguments>
<msg timestamp="20201225 12:05:45.949" level="INFO">Params: [WeightMachine.png, S01]
Input Text:
S01</msg>
<msg timestamp="20201225 12:05:45.949" level="INFO" html="yes">&lt;img src='sikuli_captured/sikuliximage-1608872745391.png'/&gt;
[log] CLICK on L[311,575]@S(0) (24 msec)
[log]  TYPE "S01"</msg>
<status status="PASS" starttime="20201225 12:05:45.063" endtime="20201225 12:05:45.949"></status>
</kw>
<kw name="Press Special Key" library="SikuliLibrary">
<doc>Press special key
 Presses a special keyboard key.</doc>
<arguments>
<arg>ENTER</arg>
</arguments>
<msg timestamp="20201225 12:05:46.043" level="INFO">Params: [ENTER]
[log]  TYPE "#ENTER."</msg>
<status status="PASS" starttime="20201225 12:05:45.949" endtime="20201225 12:05:46.044"></status>
</kw>
<status status="PASS" starttime="20201225 12:05:43.065" endtime="20201225 12:05:46.044"></status>
</kw>
<kw name="Click in Area with Sikuli -&gt; ${WeightBtn} ${WeightBtn}" library="SikuliUtils">
<kw name="Wait Until Screen Contain" library="SikuliLibrary">
<doc>Wait until screen contain
 Wait until image shown in screen</doc>
<arguments>
<arg>${area}</arg>
<arg>20</arg>
</arguments>
<msg timestamp="20201225 12:05:46.395" level="INFO">Params: [WeightBtn.png, 20]</msg>
<msg timestamp="20201225 12:05:46.395" level="INFO" html="yes">&lt;img src='sikuli_captured/sikuliximage-1608872746390.png'/&gt;</msg>
<status status="PASS" starttime="20201225 12:05:46.047" endtime="20201225 12:05:46.395"></status>
</kw>
<kw name="Wait Until Screen Contain" library="SikuliLibrary">
<doc>Wait until screen contain
 Wait until image shown in screen</doc>
<arguments>
<arg>${image}</arg>
<arg>30</arg>
</arguments>
<msg timestamp="20201225 12:05:46.755" level="INFO">Params: [WeightBtn.png, 30]</msg>
<msg timestamp="20201225 12:05:46.755" level="INFO" html="yes">&lt;img src='sikuli_captured/sikuliximage-1608872746745.png'/&gt;</msg>
<status status="PASS" starttime="20201225 12:05:46.398" endtime="20201225 12:05:46.755"></status>
</kw>
<kw name="Click In" library="SikuliLibrary">
<doc>Click in. 
Click target image in area image.</doc>
<arguments>
<arg>${area}</arg>
<arg>${image}</arg>
</arguments>
<msg timestamp="20201225 12:05:47.321" level="INFO">Params: [WeightBtn.png, WeightBtn.png]</msg>
<msg timestamp="20201225 12:05:47.321" level="INFO" html="yes">&lt;img src='sikuli_captured/sikuliximage-1608872747130.png'/&gt;
WeightBtn.png is found!</msg>
<msg timestamp="20201225 12:05:47.321" level="INFO" html="yes">&lt;img src='sikuli_captured/sikuliximage-1608872747174.png'/&gt;
[log] CLICK on L[977,577]@S(0) (125 msec)</msg>
<status status="PASS" starttime="20201225 12:05:46.756" endtime="20201225 12:05:47.321"></status>
</kw>
<status status="PASS" starttime="20201225 12:05:46.045" endtime="20201225 12:05:47.322"></status>
</kw>
<kw name="Click in Area with Sikuli -&gt; ${OkBtn4} ${OkBtn4}" library="SikuliUtils">
<kw name="Wait Until Screen Contain" library="SikuliLibrary">
<doc>Wait until screen contain
 Wait until image shown in screen</doc>
<arguments>
<arg>${area}</arg>
<arg>20</arg>
</arguments>
<msg timestamp="20201225 12:05:51.062" level="INFO">Params: [OkBtn4.png, 20]</msg>
<msg timestamp="20201225 12:05:51.062" level="INFO" html="yes">&lt;img src='sikuli_captured/sikuliximage-1608872751057.png'/&gt;</msg>
<status status="PASS" starttime="20201225 12:05:47.324" endtime="20201225 12:05:51.062"></status>
</kw>
<kw name="Wait Until Screen Contain" library="SikuliLibrary">
<doc>Wait until screen contain
 Wait until image shown in screen</doc>
<arguments>
<arg>${image}</arg>
<arg>30</arg>
</arguments>
<msg timestamp="20201225 12:05:51.398" level="INFO">Params: [OkBtn4.png, 30]</msg>
<msg timestamp="20201225 12:05:51.398" level="INFO" html="yes">&lt;img src='sikuli_captured/sikuliximage-1608872751393.png'/&gt;</msg>
<status status="PASS" starttime="20201225 12:05:51.062" endtime="20201225 12:05:51.398"></status>
</kw>
<kw name="Click In" library="SikuliLibrary">
<doc>Click in. 
Click target image in area image.</doc>
<arguments>
<arg>${area}</arg>
<arg>${image}</arg>
</arguments>
<msg timestamp="20201225 12:05:51.944" level="INFO">Params: [OkBtn4.png, OkBtn4.png]</msg>
<msg timestamp="20201225 12:05:51.944" level="INFO" html="yes">&lt;img src='sikuli_captured/sikuliximage-1608872751740.png'/&gt;
OkBtn4.png is found!</msg>
<msg timestamp="20201225 12:05:51.944" level="INFO" html="yes">&lt;img src='sikuli_captured/sikuliximage-1608872751790.png'/&gt;
[log] CLICK on L[689,422]@S(0) (131 msec)</msg>
<status status="PASS" starttime="20201225 12:05:51.398" endtime="20201225 12:05:51.945"></status>
</kw>
<status status="PASS" starttime="20201225 12:05:47.322" endtime="20201225 12:05:51.946"></status>
</kw>
<kw name="Click Button with Sikuli -&gt; ${ExitBTn} timeout ${3} sec." library="SikuliUtils">
<kw name="Wait Until Screen Contain" library="SikuliLibrary">
<doc>Wait until screen contain
 Wait until image shown in screen</doc>
<arguments>
<arg>${image}</arg>
<arg>${sec}</arg>
</arguments>
<msg timestamp="20201225 12:05:52.290" level="INFO">Params: [ExitBTn.png, 3]</msg>
<msg timestamp="20201225 12:05:52.290" level="INFO" html="yes">&lt;img src='sikuli_captured/sikuliximage-1608872752282.png'/&gt;</msg>
<status status="PASS" starttime="20201225 12:05:51.947" endtime="20201225 12:05:52.291"></status>
</kw>
<kw name="Click" library="SikuliLibrary">
<doc>Click</doc>
<arguments>
<arg>${image}</arg>
</arguments>
<msg timestamp="20201225 12:05:52.975" level="INFO">Params: [ExitBTn.png]</msg>
<msg timestamp="20201225 12:05:52.975" level="INFO" html="yes">&lt;img src='sikuli_captured/sikuliximage-1608872752589.png'/&gt;
[log] CLICK on L[290,50]@S(0) (135 msec)</msg>
<status status="PASS" starttime="20201225 12:05:52.291" endtime="20201225 12:05:52.975"></status>
</kw>
<status status="PASS" starttime="20201225 12:05:51.947" endtime="20201225 12:05:52.975"></status>
</kw>
<kw name="Click Button with Sikuli -&gt; ${OkBtn1} timeout ${3} sec." library="SikuliUtils">
<kw name="Wait Until Screen Contain" library="SikuliLibrary">
<doc>Wait until screen contain
 Wait until image shown in screen</doc>
<arguments>
<arg>${image}</arg>
<arg>${sec}</arg>
</arguments>
<msg timestamp="20201225 12:05:53.838" level="INFO">Params: [OkBtn1.png, 3]</msg>
<msg timestamp="20201225 12:05:53.838" level="INFO" html="yes">&lt;img src='sikuli_captured/sikuliximage-1608872753825.png'/&gt;</msg>
<status status="PASS" starttime="20201225 12:05:52.981" endtime="20201225 12:05:53.840"></status>
</kw>
<kw name="Click" library="SikuliLibrary">
<doc>Click</doc>
<arguments>
<arg>${image}</arg>
</arguments>
<msg timestamp="20201225 12:05:54.738" level="INFO">Params: [OkBtn1.png]</msg>
<msg timestamp="20201225 12:05:54.738" level="INFO" html="yes">&lt;img src='sikuli_captured/sikuliximage-1608872754224.png'/&gt;
[log] CLICK on L[686,449]@S(0) (132 msec)</msg>
<status status="PASS" starttime="20201225 12:05:53.841" endtime="20201225 12:05:54.738"></status>
</kw>
<status status="PASS" starttime="20201225 12:05:52.980" endtime="20201225 12:05:54.739"></status>
</kw>
<status status="PASS" starttime="20201225 12:05:34.917" endtime="20201225 12:05:54.739"></status>
</kw>
<kw name="Exit Program" library="ExitProgram">
<kw name="Click Button with Sikuli -&gt; ${ExitBTn} timeout ${3} sec." library="SikuliUtils">
<kw name="Wait Until Screen Contain" library="SikuliLibrary">
<doc>Wait until screen contain
 Wait until image shown in screen</doc>
<arguments>
<arg>${image}</arg>
<arg>${sec}</arg>
</arguments>
<msg timestamp="20201225 12:05:55.151" level="INFO">Params: [ExitBTn.png, 3]</msg>
<msg timestamp="20201225 12:05:55.151" level="INFO" html="yes">&lt;img src='sikuli_captured/sikuliximage-1608872755145.png'/&gt;</msg>
<status status="PASS" starttime="20201225 12:05:54.742" endtime="20201225 12:05:55.151"></status>
</kw>
<kw name="Click" library="SikuliLibrary">
<doc>Click</doc>
<arguments>
<arg>${image}</arg>
</arguments>
<msg timestamp="20201225 12:05:56.026" level="INFO">Params: [ExitBTn.png]</msg>
<msg timestamp="20201225 12:05:56.026" level="INFO" html="yes">&lt;img src='sikuli_captured/sikuliximage-1608872755563.png'/&gt;
[log] CLICK on L[290,50]@S(0) (134 msec)</msg>
<status status="PASS" starttime="20201225 12:05:55.153" endtime="20201225 12:05:56.026"></status>
</kw>
<status status="PASS" starttime="20201225 12:05:54.741" endtime="20201225 12:05:56.028"></status>
</kw>
<kw name="Click Button with Sikuli -&gt; ${OkBtn1} timeout ${3} sec." library="SikuliUtils">
<kw name="Wait Until Screen Contain" library="SikuliLibrary">
<doc>Wait until screen contain
 Wait until image shown in screen</doc>
<arguments>
<arg>${image}</arg>
<arg>${sec}</arg>
</arguments>
<msg timestamp="20201225 12:05:56.703" level="INFO">Params: [OkBtn1.png, 3]</msg>
<msg timestamp="20201225 12:05:56.703" level="INFO" html="yes">&lt;img src='sikuli_captured/sikuliximage-1608872756693.png'/&gt;</msg>
<status status="PASS" starttime="20201225 12:05:56.029" endtime="20201225 12:05:56.704"></status>
</kw>
<kw name="Click" library="SikuliLibrary">
<doc>Click</doc>
<arguments>
<arg>${image}</arg>
</arguments>
<msg timestamp="20201225 12:05:57.633" level="INFO">Params: [OkBtn1.png]</msg>
<msg timestamp="20201225 12:05:57.633" level="INFO" html="yes">&lt;img src='sikuli_captured/sikuliximage-1608872757103.png'/&gt;
[log] CLICK on L[686,449]@S(0) (134 msec)</msg>
<status status="PASS" starttime="20201225 12:05:56.705" endtime="20201225 12:05:57.633"></status>
</kw>
<status status="PASS" starttime="20201225 12:05:56.028" endtime="20201225 12:05:57.634"></status>
</kw>
<kw name="Click Button with Sikuli -&gt; ${OkBtn1} timeout ${3} sec." library="SikuliUtils">
<kw name="Wait Until Screen Contain" library="SikuliLibrary">
<doc>Wait until screen contain
 Wait until image shown in screen</doc>
<arguments>
<arg>${image}</arg>
<arg>${sec}</arg>
</arguments>
<msg timestamp="20201225 12:05:58.413" level="INFO">Params: [OkBtn1.png, 3]</msg>
<msg timestamp="20201225 12:05:58.413" level="INFO" html="yes">&lt;img src='sikuli_captured/sikuliximage-1608872758403.png'/&gt;</msg>
<status status="PASS" starttime="20201225 12:05:57.636" endtime="20201225 12:05:58.413"></status>
</kw>
<kw name="Click" library="SikuliLibrary">
<doc>Click</doc>
<arguments>
<arg>${image}</arg>
</arguments>
<msg timestamp="20201225 12:05:59.335" level="INFO">Params: [OkBtn1.png]</msg>
<msg timestamp="20201225 12:05:59.335" level="INFO" html="yes">&lt;img src='sikuli_captured/sikuliximage-1608872758806.png'/&gt;
[log] CLICK on L[762,423]@S(0) (134 msec)</msg>
<status status="PASS" starttime="20201225 12:05:58.413" endtime="20201225 12:05:59.335"></status>
</kw>
<status status="PASS" starttime="20201225 12:05:57.635" endtime="20201225 12:05:59.335"></status>
</kw>
<kw name="Click Button with Sikuli -&gt; ${Start} timeout ${3} sec." library="SikuliUtils">
<kw name="Wait Until Screen Contain" library="SikuliLibrary">
<doc>Wait until screen contain
 Wait until image shown in screen</doc>
<arguments>
<arg>${image}</arg>
<arg>${sec}</arg>
</arguments>
<msg timestamp="20201225 12:05:59.825" level="INFO">Params: [Start.png, 3]</msg>
<msg timestamp="20201225 12:05:59.825" level="INFO" html="yes">&lt;img src='sikuli_captured/sikuliximage-1608872759812.png'/&gt;</msg>
<status status="PASS" starttime="20201225 12:05:59.339" endtime="20201225 12:05:59.829"></status>
</kw>
<kw name="Click" library="SikuliLibrary">
<doc>Click</doc>
<arguments>
<arg>${image}</arg>
</arguments>
<msg timestamp="20201225 12:06:00.801" level="INFO">Params: [Start.png]</msg>
<msg timestamp="20201225 12:06:00.801" level="INFO" html="yes">&lt;img src='sikuli_captured/sikuliximage-1608872760322.png'/&gt;
[log] CLICK on L[26,746]@S(0) (137 msec)</msg>
<status status="PASS" starttime="20201225 12:05:59.830" endtime="20201225 12:06:00.802"></status>
</kw>
<status status="PASS" starttime="20201225 12:05:59.338" endtime="20201225 12:06:00.803"></status>
</kw>
<kw name="Sleep" library="BuiltIn">
<doc>Pauses the test executed for the given time.</doc>
<arguments>
<arg>1s</arg>
</arguments>
<msg timestamp="20201225 12:06:01.810" level="INFO">Slept 1 second</msg>
<status status="PASS" starttime="20201225 12:06:00.804" endtime="20201225 12:06:01.810"></status>
</kw>
<kw name="Press Special Key" library="SikuliLibrary">
<doc>Press special key
 Presses a special keyboard key.</doc>
<arguments>
<arg>TAB</arg>
</arguments>
<msg timestamp="20201225 12:06:01.890" level="INFO">Params: [TAB]
[log]  TYPE "#TAB."</msg>
<status status="PASS" starttime="20201225 12:06:01.812" endtime="20201225 12:06:01.891"></status>
</kw>
<kw name="Sleep" library="BuiltIn">
<doc>Pauses the test executed for the given time.</doc>
<arguments>
<arg>1s</arg>
</arguments>
<msg timestamp="20201225 12:06:02.916" level="INFO">Slept 1 second</msg>
<status status="PASS" starttime="20201225 12:06:01.891" endtime="20201225 12:06:02.916"></status>
</kw>
<kw name="Press Special Key" library="SikuliLibrary">
<doc>Press special key
 Presses a special keyboard key.</doc>
<arguments>
<arg>TAB</arg>
</arguments>
<msg timestamp="20201225 12:06:03.009" level="INFO">Params: [TAB]
[log]  TYPE "#TAB."</msg>
<status status="PASS" starttime="20201225 12:06:02.916" endtime="20201225 12:06:03.009"></status>
</kw>
<kw name="Sleep" library="BuiltIn">
<doc>Pauses the test executed for the given time.</doc>
<arguments>
<arg>1s</arg>
</arguments>
<msg timestamp="20201225 12:06:04.022" level="INFO">Slept 1 second</msg>
<status status="PASS" starttime="20201225 12:06:03.009" endtime="20201225 12:06:04.023"></status>
</kw>
<kw name="Press Special Key" library="SikuliLibrary">
<doc>Press special key
 Presses a special keyboard key.</doc>
<arguments>
<arg>ENTER</arg>
</arguments>
<msg timestamp="20201225 12:06:04.108" level="INFO">Params: [ENTER]
[log]  TYPE "#ENTER."</msg>
<status status="PASS" starttime="20201225 12:06:04.023" endtime="20201225 12:06:04.108"></status>
</kw>
<status status="PASS" starttime="20201225 12:05:54.740" endtime="20201225 12:06:04.108"></status>
</kw>
<kw name="Sikuli Test Teardown" library="TestUtils" type="teardown">
<kw name="Stop Sikuli Server" library="TestUtils">
<kw name="Stop Remote Server" library="SikuliLibrary">
<doc>Stops the remote server.</doc>
<msg timestamp="20201225 12:06:04.128" level="INFO">Robot Framework remote server stopping</msg>
<status status="PASS" starttime="20201225 12:06:04.112" endtime="20201225 12:06:04.129"></status>
</kw>
<status status="PASS" starttime="20201225 12:06:04.112" endtime="20201225 12:06:04.129"></status>
</kw>
<kw name="Close Application" library="SikuliLibrary">
<doc>Close application</doc>
<arguments>
<arg>${citrix application}</arg>
</arguments>
<msg timestamp="20201225 12:06:04.172" level="INFO">Params: [wfica32.exe]</msg>
<status status="PASS" starttime="20201225 12:06:04.130" endtime="20201225 12:06:04.172"></status>
</kw>
<status status="PASS" starttime="20201225 12:06:04.112" endtime="20201225 12:06:04.176"></status>
</kw>
<status status="PASS" starttime="20201225 11:59:26.913" endtime="20201225 12:06:04.177" critical="yes"></status>
</test>
<status status="PASS" starttime="20201225 11:59:20.364" endtime="20201225 12:06:04.182"></status>
</suite>
<statistics>
<total>
<stat pass="1" fail="0">Critical Tests</stat>
<stat pass="1" fail="0">All Tests</stat>
</total>
<tag>
</tag>
<suite>
<stat pass="1" fail="0" id="s1" name="RMPurchase">RMPurchase</stat>
</suite>
</statistics>
<errors>
<msg timestamp="20201225 11:59:26.827" level="WARN">Imported resource file 'C:\EclipsePortable-All-cpf\EclipsePortable\Data\workspace\WinProcessing RMPurchase\Pages\CreatePurchasePlan.robot' is empty.</msg>
</errors>
</robot>
